<?xml version="1.0" encoding="UTF-8"?>
<coverage generated="1724006964198" clover="3.2.0">
  <project timestamp="1724006964198" name="All files">
    <metrics statements="339" coveredstatements="163" conditionals="72" coveredconditionals="28" methods="91" coveredmethods="50" elements="502" coveredelements="241" complexity="0" loc="339" ncloc="339" packages="4" files="20" classes="20"/>
    <package name="firebase">
      <metrics statements="1" coveredstatements="1" conditionals="0" coveredconditionals="0" methods="0" coveredmethods="0"/>
      <file name="firebaseConfig.js" path="/Users/banditbook/Coding/trivial/trivial-compute/src/firebase/firebaseConfig.js">
        <metrics statements="1" coveredstatements="1" conditionals="0" coveredconditionals="0" methods="0" coveredmethods="0"/>
        <line num="2" count="1" type="stmt"/>
      </file>
    </package>
    <package name="firebase.board">
      <metrics statements="12" coveredstatements="6" conditionals="2" coveredconditionals="1" methods="4" coveredmethods="2"/>
      <file name="read-board.js" path="/Users/banditbook/Coding/trivial/trivial-compute/src/firebase/board/read-board.js">
        <metrics statements="12" coveredstatements="6" conditionals="2" coveredconditionals="1" methods="4" coveredmethods="2"/>
        <line num="5" count="0" type="stmt"/>
        <line num="6" count="0" type="stmt"/>
        <line num="18" count="1" type="stmt"/>
        <line num="19" count="1" type="stmt"/>
        <line num="21" count="1" type="cond" truecount="1" falsecount="1"/>
        <line num="22" count="1" type="stmt"/>
        <line num="23" count="1" type="stmt"/>
        <line num="24" count="1" type="stmt"/>
        <line num="26" count="0" type="stmt"/>
        <line num="27" count="0" type="stmt"/>
        <line num="31" count="0" type="stmt"/>
        <line num="32" count="0" type="stmt"/>
      </file>
    </package>
    <package name="firebase.questions">
      <metrics statements="39" coveredstatements="7" conditionals="0" coveredconditionals="0" methods="7" coveredmethods="2"/>
      <file name="read-questions.js" path="/Users/banditbook/Coding/trivial/trivial-compute/src/firebase/questions/read-questions.js">
        <metrics statements="39" coveredstatements="7" conditionals="0" coveredconditionals="0" methods="7" coveredmethods="2"/>
        <line num="14" count="0" type="stmt"/>
        <line num="15" count="0" type="stmt"/>
        <line num="16" count="0" type="stmt"/>
        <line num="17" count="0" type="stmt"/>
        <line num="18" count="0" type="stmt"/>
        <line num="19" count="0" type="stmt"/>
        <line num="20" count="0" type="stmt"/>
        <line num="21" count="0" type="stmt"/>
        <line num="23" count="0" type="stmt"/>
        <line num="25" count="0" type="stmt"/>
        <line num="36" count="0" type="stmt"/>
        <line num="37" count="0" type="stmt"/>
        <line num="38" count="0" type="stmt"/>
        <line num="39" count="0" type="stmt"/>
        <line num="40" count="0" type="stmt"/>
        <line num="41" count="0" type="stmt"/>
        <line num="42" count="0" type="stmt"/>
        <line num="43" count="0" type="stmt"/>
        <line num="45" count="0" type="stmt"/>
        <line num="47" count="0" type="stmt"/>
        <line num="52" count="0" type="stmt"/>
        <line num="53" count="0" type="stmt"/>
        <line num="54" count="0" type="stmt"/>
        <line num="55" count="0" type="stmt"/>
        <line num="56" count="0" type="stmt"/>
        <line num="57" count="0" type="stmt"/>
        <line num="58" count="0" type="stmt"/>
        <line num="59" count="0" type="stmt"/>
        <line num="60" count="0" type="stmt"/>
        <line num="63" count="0" type="stmt"/>
        <line num="65" count="0" type="stmt"/>
        <line num="74" count="4" type="stmt"/>
        <line num="75" count="4" type="stmt"/>
        <line num="76" count="4" type="stmt"/>
        <line num="77" count="4" type="stmt"/>
        <line num="78" count="4" type="stmt"/>
        <line num="79" count="8" type="stmt"/>
        <line num="81" count="4" type="stmt"/>
        <line num="83" count="0" type="stmt"/>
      </file>
    </package>
    <package name="gamelogic">
      <metrics statements="287" coveredstatements="149" conditionals="70" coveredconditionals="27" methods="80" coveredmethods="46"/>
      <file name="audioQuestion.js" path="/Users/banditbook/Coding/trivial/trivial-compute/src/gamelogic/audioQuestion.js">
        <metrics statements="2" coveredstatements="2" conditionals="0" coveredconditionals="0" methods="1" coveredmethods="1"/>
        <line num="19" count="1" type="stmt"/>
        <line num="20" count="1" type="stmt"/>
      </file>
      <file name="board.js" path="/Users/banditbook/Coding/trivial/trivial-compute/src/gamelogic/board.js">
        <metrics statements="24" coveredstatements="15" conditionals="2" coveredconditionals="1" methods="8" coveredmethods="5"/>
        <line num="14" count="0" type="stmt"/>
        <line num="15" count="0" type="stmt"/>
        <line num="27" count="2" type="stmt"/>
        <line num="35" count="1" type="stmt"/>
        <line num="36" count="1" type="stmt"/>
        <line num="39" count="1" type="stmt"/>
        <line num="40" count="1" type="stmt"/>
        <line num="41" count="81" type="stmt"/>
        <line num="42" count="81" type="stmt"/>
        <line num="43" count="81" type="stmt"/>
        <line num="44" count="81" type="stmt"/>
        <line num="46" count="81" type="stmt"/>
        <line num="47" count="81" type="stmt"/>
        <line num="50" count="1" type="stmt"/>
        <line num="53" count="0" type="stmt"/>
        <line num="54" count="0" type="stmt"/>
        <line num="71" count="105" type="cond" truecount="1" falsecount="1"/>
        <line num="72" count="0" type="stmt"/>
        <line num="74" count="105" type="stmt"/>
        <line num="83" count="6" type="stmt"/>
        <line num="113" count="0" type="stmt"/>
        <line num="114" count="0" type="stmt"/>
        <line num="115" count="0" type="stmt"/>
        <line num="117" count="0" type="stmt"/>
      </file>
      <file name="category.js" path="/Users/banditbook/Coding/trivial/trivial-compute/src/gamelogic/category.js">
        <metrics statements="32" coveredstatements="22" conditionals="7" coveredconditionals="2" methods="8" coveredmethods="5"/>
        <line num="21" count="0" type="stmt"/>
        <line num="22" count="0" type="stmt"/>
        <line num="37" count="4" type="stmt"/>
        <line num="39" count="4" type="stmt"/>
        <line num="41" count="4" type="stmt"/>
        <line num="42" count="4" type="stmt"/>
        <line num="43" count="8" type="stmt"/>
        <line num="44" count="8" type="stmt"/>
        <line num="49" count="4" type="stmt"/>
        <line num="51" count="4" type="stmt"/>
        <line num="54" count="0" type="stmt"/>
        <line num="55" count="0" type="stmt"/>
        <line num="67" count="8" type="stmt"/>
        <line num="68" count="8" type="stmt"/>
        <line num="72" count="8" type="stmt"/>
        <line num="73" count="8" type="stmt"/>
        <line num="74" count="8" type="stmt"/>
        <line num="75" count="8" type="stmt"/>
        <line num="76" count="8" type="stmt"/>
        <line num="80" count="8" type="cond" truecount="2" falsecount="5"/>
        <line num="82" count="0" type="stmt"/>
        <line num="91" count="7" type="stmt"/>
        <line num="100" count="0" type="stmt"/>
        <line num="110" count="1" type="stmt"/>
        <line num="120" count="0" type="stmt"/>
        <line num="130" count="0" type="stmt"/>
        <line num="140" count="0" type="stmt"/>
        <line num="149" count="9" type="stmt"/>
        <line num="150" count="9" type="stmt"/>
        <line num="158" count="4" type="stmt"/>
        <line num="159" count="4" type="stmt"/>
        <line num="163" count="0" type="stmt"/>
      </file>
      <file name="color.js" path="/Users/banditbook/Coding/trivial/trivial-compute/src/gamelogic/color.js">
        <metrics statements="1" coveredstatements="1" conditionals="0" coveredconditionals="0" methods="0" coveredmethods="0"/>
        <line num="1" count="2" type="stmt"/>
      </file>
      <file name="die.js" path="/Users/banditbook/Coding/trivial/trivial-compute/src/gamelogic/die.js">
        <metrics statements="1" coveredstatements="1" conditionals="2" coveredconditionals="2" methods="2" coveredmethods="2"/>
        <line num="9" count="101" type="stmt"/>
      </file>
      <file name="direction.js" path="/Users/banditbook/Coding/trivial/trivial-compute/src/gamelogic/direction.js">
        <metrics statements="1" coveredstatements="1" conditionals="0" coveredconditionals="0" methods="0" coveredmethods="0"/>
        <line num="1" count="2" type="stmt"/>
      </file>
      <file name="gameSession.js" path="/Users/banditbook/Coding/trivial/trivial-compute/src/gamelogic/gameSession.js">
        <metrics statements="150" coveredstatements="64" conditionals="36" coveredconditionals="12" methods="33" coveredmethods="15"/>
        <line num="16" count="0" type="stmt"/>
        <line num="17" count="0" type="stmt"/>
        <line num="23" count="0" type="stmt"/>
        <line num="24" count="0" type="stmt"/>
        <line num="44" count="1" type="stmt"/>
        <line num="46" count="1" type="stmt"/>
        <line num="47" count="1" type="stmt"/>
        <line num="48" count="1" type="stmt"/>
        <line num="49" count="4" type="stmt"/>
        <line num="50" count="4" type="stmt"/>
        <line num="55" count="1" type="stmt"/>
        <line num="56" count="4" type="stmt"/>
        <line num="59" count="1" type="stmt"/>
        <line num="61" count="1" type="stmt"/>
        <line num="64" count="1" type="stmt"/>
        <line num="67" count="0" type="stmt"/>
        <line num="68" count="0" type="stmt"/>
        <line num="82" count="1" type="stmt"/>
        <line num="85" count="1" type="stmt"/>
        <line num="110" count="1" type="stmt"/>
        <line num="111" count="1" type="stmt"/>
        <line num="112" count="1" type="stmt"/>
        <line num="113" count="1" type="stmt"/>
        <line num="114" count="1" type="stmt"/>
        <line num="115" count="1" type="stmt"/>
        <line num="116" count="4" type="stmt"/>
        <line num="117" count="4" type="stmt"/>
        <line num="118" count="4" type="stmt"/>
        <line num="119" count="4" type="stmt"/>
        <line num="120" count="4" type="stmt"/>
        <line num="121" count="4" type="stmt"/>
        <line num="122" count="4" type="stmt"/>
        <line num="124" count="1" type="stmt"/>
        <line num="127" count="1" type="cond" truecount="1" falsecount="1"/>
        <line num="129" count="1" type="stmt"/>
        <line num="131" count="1" type="stmt"/>
        <line num="132" count="0" type="stmt"/>
        <line num="141" count="0" type="stmt"/>
        <line num="144" count="0" type="stmt"/>
        <line num="163" count="0" type="stmt"/>
        <line num="164" count="0" type="stmt"/>
        <line num="165" count="0" type="stmt"/>
        <line num="166" count="0" type="stmt"/>
        <line num="183" count="0" type="stmt"/>
        <line num="184" count="0" type="stmt"/>
        <line num="185" count="0" type="stmt"/>
        <line num="186" count="0" type="cond" truecount="0" falsecount="2"/>
        <line num="187" count="0" type="cond" truecount="0" falsecount="2"/>
        <line num="188" count="0" type="stmt"/>
        <line num="189" count="0" type="stmt"/>
        <line num="190" count="0" type="stmt"/>
        <line num="192" count="0" type="cond" truecount="0" falsecount="4"/>
        <line num="193" count="0" type="stmt"/>
        <line num="202" count="0" type="stmt"/>
        <line num="204" count="0" type="stmt"/>
        <line num="219" count="0" type="stmt"/>
        <line num="220" count="0" type="stmt"/>
        <line num="237" count="0" type="stmt"/>
        <line num="238" count="0" type="stmt"/>
        <line num="239" count="0" type="cond" truecount="0" falsecount="2"/>
        <line num="240" count="0" type="cond" truecount="0" falsecount="2"/>
        <line num="241" count="0" type="stmt"/>
        <line num="242" count="0" type="stmt"/>
        <line num="243" count="0" type="stmt"/>
        <line num="245" count="0" type="cond" truecount="0" falsecount="4"/>
        <line num="246" count="0" type="stmt"/>
        <line num="255" count="0" type="stmt"/>
        <line num="257" count="0" type="stmt"/>
        <line num="273" count="0" type="stmt"/>
        <line num="274" count="0" type="stmt"/>
        <line num="275" count="0" type="stmt"/>
        <line num="276" count="0" type="stmt"/>
        <line num="286" count="0" type="stmt"/>
        <line num="287" count="0" type="stmt"/>
        <line num="288" count="0" type="stmt"/>
        <line num="291" count="0" type="stmt"/>
        <line num="292" count="0" type="stmt"/>
        <line num="293" count="0" type="stmt"/>
        <line num="294" count="0" type="stmt"/>
        <line num="297" count="0" type="stmt"/>
        <line num="307" count="0" type="stmt"/>
        <line num="308" count="0" type="stmt"/>
        <line num="309" count="0" type="stmt"/>
        <line num="310" count="0" type="stmt"/>
        <line num="311" count="0" type="stmt"/>
        <line num="313" count="0" type="stmt"/>
        <line num="329" count="3" type="stmt"/>
        <line num="330" count="3" type="stmt"/>
        <line num="331" count="3" type="stmt"/>
        <line num="332" count="3" type="stmt"/>
        <line num="333" count="3" type="stmt"/>
        <line num="334" count="3" type="stmt"/>
        <line num="335" count="3" type="stmt"/>
        <line num="336" count="3" type="stmt"/>
        <line num="341" count="3" type="stmt"/>
        <line num="353" count="1" type="cond" truecount="3" falsecount="1"/>
        <line num="354" count="0" type="stmt"/>
        <line num="357" count="1" type="cond" truecount="1" falsecount="1"/>
        <line num="358" count="0" type="stmt"/>
        <line num="366" count="0" type="stmt"/>
        <line num="367" count="0" type="stmt"/>
        <line num="375" count="0" type="stmt"/>
        <line num="376" count="0" type="stmt"/>
        <line num="384" count="18" type="stmt"/>
        <line num="394" count="5" type="stmt"/>
        <line num="395" count="5" type="stmt"/>
        <line num="396" count="5" type="cond" truecount="2" falsecount="0"/>
        <line num="398" count="9" type="stmt"/>
        <line num="400" count="5" type="stmt"/>
        <line num="413" count="1" type="stmt"/>
        <line num="414" count="1" type="stmt"/>
        <line num="416" count="1" type="cond" truecount="1" falsecount="1"/>
        <line num="417" count="0" type="stmt"/>
        <line num="418" count="1" type="cond" truecount="1" falsecount="1"/>
        <line num="420" count="0" type="stmt"/>
        <line num="421" count="0" type="stmt"/>
        <line num="422" count="0" type="stmt"/>
        <line num="423" count="0" type="stmt"/>
        <line num="425" count="1" type="cond" truecount="1" falsecount="1"/>
        <line num="427" count="1" type="stmt"/>
        <line num="428" count="1" type="stmt"/>
        <line num="431" count="0" type="stmt"/>
        <line num="432" count="0" type="stmt"/>
        <line num="435" count="0" type="stmt"/>
        <line num="448" count="1" type="stmt"/>
        <line num="449" count="1" type="stmt"/>
        <line num="450" count="1" type="stmt"/>
        <line num="451" count="0" type="stmt"/>
        <line num="452" count="0" type="stmt"/>
        <line num="460" count="0" type="stmt"/>
        <line num="461" count="0" type="stmt"/>
        <line num="470" count="0" type="stmt"/>
        <line num="479" count="0" type="stmt"/>
        <line num="485" count="0" type="stmt"/>
        <line num="486" count="0" type="stmt"/>
        <line num="487" count="0" type="stmt"/>
        <line num="490" count="0" type="stmt"/>
        <line num="491" count="0" type="stmt"/>
        <line num="492" count="0" type="stmt"/>
        <line num="495" count="0" type="stmt"/>
        <line num="496" count="0" type="cond" truecount="0" falsecount="2"/>
        <line num="497" count="0" type="stmt"/>
        <line num="500" count="0" type="stmt"/>
        <line num="512" count="11" type="stmt"/>
        <line num="513" count="11" type="stmt"/>
        <line num="514" count="11" type="stmt"/>
        <line num="515" count="11" type="stmt"/>
        <line num="516" count="11" type="stmt"/>
        <line num="517" count="11" type="stmt"/>
        <line num="518" count="11" type="stmt"/>
      </file>
      <file name="imageQuestion.js" path="/Users/banditbook/Coding/trivial/trivial-compute/src/gamelogic/imageQuestion.js">
        <metrics statements="2" coveredstatements="0" conditionals="0" coveredconditionals="0" methods="1" coveredmethods="0"/>
        <line num="19" count="0" type="stmt"/>
        <line num="20" count="0" type="stmt"/>
      </file>
      <file name="multipleChoiceTextQuestion.js" path="/Users/banditbook/Coding/trivial/trivial-compute/src/gamelogic/multipleChoiceTextQuestion.js">
        <metrics statements="2" coveredstatements="0" conditionals="0" coveredconditionals="0" methods="1" coveredmethods="0"/>
        <line num="19" count="0" type="stmt"/>
        <line num="20" count="0" type="stmt"/>
      </file>
      <file name="openEndedTextQuestion.js" path="/Users/banditbook/Coding/trivial/trivial-compute/src/gamelogic/openEndedTextQuestion.js">
        <metrics statements="1" coveredstatements="1" conditionals="0" coveredconditionals="0" methods="1" coveredmethods="1"/>
        <line num="18" count="12" type="stmt"/>
      </file>
      <file name="player.js" path="/Users/banditbook/Coding/trivial/trivial-compute/src/gamelogic/player.js">
        <metrics statements="34" coveredstatements="15" conditionals="12" coveredconditionals="5" methods="7" coveredmethods="3"/>
        <line num="14" count="0" type="stmt"/>
        <line num="15" count="0" type="stmt"/>
        <line num="27" count="2" type="stmt"/>
        <line num="39" count="9" type="stmt"/>
        <line num="40" count="9" type="stmt"/>
        <line num="41" count="9" type="stmt"/>
        <line num="42" count="9" type="stmt"/>
        <line num="43" count="9" type="stmt"/>
        <line num="44" count="9" type="stmt"/>
        <line num="49" count="9" type="stmt"/>
        <line num="54" count="9" type="stmt"/>
        <line num="57" count="11" type="stmt"/>
        <line num="64" count="0" type="stmt"/>
        <line num="73" count="4" type="stmt"/>
        <line num="74" count="4" type="cond" truecount="1" falsecount="4"/>
        <line num="76" count="0" type="stmt"/>
        <line num="77" count="0" type="stmt"/>
        <line num="78" count="0" type="stmt"/>
        <line num="80" count="0" type="stmt"/>
        <line num="81" count="0" type="stmt"/>
        <line num="82" count="0" type="stmt"/>
        <line num="84" count="0" type="stmt"/>
        <line num="85" count="0" type="stmt"/>
        <line num="86" count="0" type="stmt"/>
        <line num="88" count="4" type="stmt"/>
        <line num="89" count="4" type="stmt"/>
        <line num="90" count="4" type="stmt"/>
        <line num="92" count="0" type="stmt"/>
        <line num="102" count="0" type="stmt"/>
        <line num="103" count="0" type="stmt"/>
        <line num="104" count="0" type="cond" truecount="0" falsecount="2"/>
        <line num="105" count="0" type="stmt"/>
        <line num="108" count="0" type="stmt"/>
        <line num="112" count="0" type="stmt"/>
      </file>
      <file name="question.js" path="/Users/banditbook/Coding/trivial/trivial-compute/src/gamelogic/question.js">
        <metrics statements="11" coveredstatements="10" conditionals="2" coveredconditionals="1" methods="3" coveredmethods="3"/>
        <line num="19" count="13" type="cond" truecount="1" falsecount="1"/>
        <line num="20" count="0" type="stmt"/>
        <line num="22" count="13" type="stmt"/>
        <line num="23" count="13" type="stmt"/>
        <line num="24" count="13" type="stmt"/>
        <line num="25" count="13" type="stmt"/>
        <line num="26" count="13" type="stmt"/>
        <line num="27" count="13" type="stmt"/>
        <line num="28" count="13" type="stmt"/>
        <line num="36" count="8" type="stmt"/>
        <line num="40" count="16" type="stmt"/>
      </file>
      <file name="questionStats.js" path="/Users/banditbook/Coding/trivial/trivial-compute/src/gamelogic/questionStats.js">
        <metrics statements="9" coveredstatements="2" conditionals="6" coveredconditionals="1" methods="4" coveredmethods="1"/>
        <line num="11" count="8" type="stmt"/>
        <line num="12" count="8" type="stmt"/>
        <line num="20" count="0" type="stmt"/>
        <line num="21" count="0" type="cond" truecount="0" falsecount="2"/>
        <line num="22" count="0" type="stmt"/>
        <line num="31" count="0" type="cond" truecount="0" falsecount="2"/>
        <line num="32" count="0" type="stmt"/>
        <line num="34" count="0" type="stmt"/>
        <line num="38" count="0" type="stmt"/>
      </file>
      <file name="questionType.js" path="/Users/banditbook/Coding/trivial/trivial-compute/src/gamelogic/questionType.js">
        <metrics statements="1" coveredstatements="1" conditionals="0" coveredconditionals="0" methods="0" coveredmethods="0"/>
        <line num="1" count="2" type="stmt"/>
      </file>
      <file name="square.js" path="/Users/banditbook/Coding/trivial/trivial-compute/src/gamelogic/square.js">
        <metrics statements="13" coveredstatements="13" conditionals="3" coveredconditionals="3" methods="10" coveredmethods="10"/>
        <line num="19" count="81" type="stmt"/>
        <line num="20" count="81" type="stmt"/>
        <line num="21" count="81" type="stmt"/>
        <line num="22" count="81" type="stmt"/>
        <line num="25" count="81" type="stmt"/>
        <line num="26" count="6" type="stmt"/>
        <line num="27" count="255" type="stmt"/>
        <line num="28" count="254" type="stmt"/>
        <line num="29" count="82" type="stmt"/>
        <line num="30" count="82" type="stmt"/>
        <line num="31" count="82" type="stmt"/>
        <line num="32" count="84" type="stmt"/>
        <line num="35" count="92" type="stmt"/>
      </file>
      <file name="squareType.js" path="/Users/banditbook/Coding/trivial/trivial-compute/src/gamelogic/squareType.js">
        <metrics statements="1" coveredstatements="1" conditionals="0" coveredconditionals="0" methods="0" coveredmethods="0"/>
        <line num="3" count="2" type="stmt"/>
      </file>
      <file name="videoQuestion.js" path="/Users/banditbook/Coding/trivial/trivial-compute/src/gamelogic/videoQuestion.js">
        <metrics statements="2" coveredstatements="0" conditionals="0" coveredconditionals="0" methods="1" coveredmethods="0"/>
        <line num="19" count="0" type="stmt"/>
        <line num="20" count="0" type="stmt"/>
      </file>
    </package>
  </project>
</coverage>
