{"/Users/banditbook/Coding/trivial/trivial-compute/src/firebase/firebaseConfig.js": {"path":"/Users/banditbook/Coding/trivial/trivial-compute/src/firebase/firebaseConfig.js","statementMap":{"0":{"start":{"line":2,"column":30},"end":{"line":11,"column":1}}},"fnMap":{},"branchMap":{},"s":{"0":1},"f":{},"b":{},"_coverageSchema":"1a1c01bbd47fc00a2c39e90264f33305004495a9","hash":"414d9cbbb34f6d5d1ccd2cda2f28c480b5af347b"}
,"/Users/banditbook/Coding/trivial/trivial-compute/src/firebase/board/read-board.js": {"path":"/Users/banditbook/Coding/trivial/trivial-compute/src/firebase/board/read-board.js","statementMap":{"0":{"start":{"line":5,"column":8},"end":{"line":5,"column":23}},"1":{"start":{"line":6,"column":8},"end":{"line":6,"column":44}},"2":{"start":{"line":18,"column":19},"end":{"line":18,"column":51}},"3":{"start":{"line":19,"column":4},"end":{"line":33,"column":7}},"4":{"start":{"line":21,"column":8},"end":{"line":28,"column":9}},"5":{"start":{"line":22,"column":30},"end":{"line":22,"column":44}},"6":{"start":{"line":23,"column":12},"end":{"line":23,"column":40}},"7":{"start":{"line":24,"column":12},"end":{"line":24,"column":29}},"8":{"start":{"line":26,"column":12},"end":{"line":26,"column":48}},"9":{"start":{"line":27,"column":12},"end":{"line":27,"column":24}},"10":{"start":{"line":31,"column":8},"end":{"line":31,"column":56}},"11":{"start":{"line":32,"column":8},"end":{"line":32,"column":117}}},"fnMap":{"0":{"name":"(anonymous_0)","decl":{"start":{"line":4,"column":4},"end":{"line":4,"column":5}},"loc":{"start":{"line":4,"column":25},"end":{"line":7,"column":5}},"line":4},"1":{"name":"readBoard","decl":{"start":{"line":17,"column":9},"end":{"line":17,"column":18}},"loc":{"start":{"line":17,"column":30},"end":{"line":34,"column":1}},"line":17},"2":{"name":"(anonymous_2)","decl":{"start":{"line":20,"column":10},"end":{"line":20,"column":11}},"loc":{"start":{"line":20,"column":21},"end":{"line":29,"column":5}},"line":20},"3":{"name":"(anonymous_3)","decl":{"start":{"line":30,"column":11},"end":{"line":30,"column":12}},"loc":{"start":{"line":30,"column":20},"end":{"line":33,"column":5}},"line":30}},"branchMap":{"0":{"loc":{"start":{"line":21,"column":8},"end":{"line":28,"column":9}},"type":"if","locations":[{"start":{"line":21,"column":8},"end":{"line":28,"column":9}},{"start":{"line":25,"column":15},"end":{"line":28,"column":9}}],"line":21}},"s":{"0":0,"1":0,"2":1,"3":1,"4":1,"5":1,"6":1,"7":1,"8":0,"9":0,"10":0,"11":0},"f":{"0":0,"1":1,"2":1,"3":0},"b":{"0":[1,0]},"_coverageSchema":"1a1c01bbd47fc00a2c39e90264f33305004495a9","hash":"2a3ba06348304802a381e1f10c834a7e8e64dbac"}
,"/Users/banditbook/Coding/trivial/trivial-compute/src/firebase/questions/read-questions.js": {"path":"/Users/banditbook/Coding/trivial/trivial-compute/src/firebase/questions/read-questions.js","statementMap":{"0":{"start":{"line":14,"column":4},"end":{"line":26,"column":5}},"1":{"start":{"line":15,"column":18},"end":{"line":15,"column":62}},"2":{"start":{"line":16,"column":30},"end":{"line":16,"column":46}},"3":{"start":{"line":17,"column":25},"end":{"line":17,"column":27}},"4":{"start":{"line":18,"column":8},"end":{"line":18,"column":29}},"5":{"start":{"line":19,"column":8},"end":{"line":19,"column":32}},"6":{"start":{"line":20,"column":8},"end":{"line":22,"column":11}},"7":{"start":{"line":21,"column":12},"end":{"line":21,"column":35}},"8":{"start":{"line":23,"column":8},"end":{"line":23,"column":51}},"9":{"start":{"line":25,"column":8},"end":{"line":25,"column":56}},"10":{"start":{"line":36,"column":4},"end":{"line":48,"column":5}},"11":{"start":{"line":37,"column":30},"end":{"line":37,"column":94}},"12":{"start":{"line":38,"column":26},"end":{"line":38,"column":54}},"13":{"start":{"line":39,"column":24},"end":{"line":39,"column":26}},"14":{"start":{"line":40,"column":8},"end":{"line":44,"column":11}},"15":{"start":{"line":41,"column":27},"end":{"line":41,"column":37}},"16":{"start":{"line":42,"column":12},"end":{"line":42,"column":37}},"17":{"start":{"line":43,"column":12},"end":{"line":43,"column":37}},"18":{"start":{"line":45,"column":8},"end":{"line":45,"column":50}},"19":{"start":{"line":47,"column":8},"end":{"line":47,"column":56}},"20":{"start":{"line":52,"column":4},"end":{"line":66,"column":5}},"21":{"start":{"line":53,"column":27},"end":{"line":53,"column":63}},"22":{"start":{"line":54,"column":27},"end":{"line":54,"column":29}},"23":{"start":{"line":55,"column":8},"end":{"line":62,"column":9}},"24":{"start":{"line":56,"column":40},"end":{"line":56,"column":94}},"25":{"start":{"line":57,"column":12},"end":{"line":61,"column":13}},"26":{"start":{"line":58,"column":44},"end":{"line":58,"column":78}},"27":{"start":{"line":59,"column":16},"end":{"line":59,"column":58}},"28":{"start":{"line":60,"column":16},"end":{"line":60,"column":54}},"29":{"start":{"line":63,"column":8},"end":{"line":63,"column":53}},"30":{"start":{"line":65,"column":8},"end":{"line":65,"column":56}},"31":{"start":{"line":74,"column":4},"end":{"line":84,"column":5}},"32":{"start":{"line":75,"column":30},"end":{"line":75,"column":94}},"33":{"start":{"line":76,"column":26},"end":{"line":76,"column":54}},"34":{"start":{"line":77,"column":24},"end":{"line":77,"column":26}},"35":{"start":{"line":78,"column":8},"end":{"line":80,"column":11}},"36":{"start":{"line":79,"column":12},"end":{"line":79,"column":39}},"37":{"start":{"line":81,"column":8},"end":{"line":81,"column":50}},"38":{"start":{"line":83,"column":8},"end":{"line":83,"column":56}}},"fnMap":{"0":{"name":"readAllCategories","decl":{"start":{"line":13,"column":15},"end":{"line":13,"column":32}},"loc":{"start":{"line":13,"column":46},"end":{"line":27,"column":1}},"line":13},"1":{"name":"(anonymous_1)","decl":{"start":{"line":20,"column":30},"end":{"line":20,"column":31}},"loc":{"start":{"line":20,"column":39},"end":{"line":22,"column":9}},"line":20},"2":{"name":"readQuestionsFromCategory","decl":{"start":{"line":35,"column":15},"end":{"line":35,"column":40}},"loc":{"start":{"line":35,"column":68},"end":{"line":49,"column":1}},"line":35},"3":{"name":"(anonymous_3)","decl":{"start":{"line":40,"column":26},"end":{"line":40,"column":27}},"loc":{"start":{"line":40,"column":35},"end":{"line":44,"column":9}},"line":40},"4":{"name":"readAllQuestions","decl":{"start":{"line":51,"column":15},"end":{"line":51,"column":31}},"loc":{"start":{"line":51,"column":45},"end":{"line":67,"column":1}},"line":51},"5":{"name":"readQuestionsFromCategoryOnce","decl":{"start":{"line":73,"column":15},"end":{"line":73,"column":44}},"loc":{"start":{"line":73,"column":72},"end":{"line":85,"column":1}},"line":73},"6":{"name":"(anonymous_6)","decl":{"start":{"line":78,"column":26},"end":{"line":78,"column":27}},"loc":{"start":{"line":78,"column":35},"end":{"line":80,"column":9}},"line":78}},"branchMap":{},"s":{"0":0,"1":0,"2":0,"3":0,"4":0,"5":0,"6":0,"7":0,"8":0,"9":0,"10":0,"11":0,"12":0,"13":0,"14":0,"15":0,"16":0,"17":0,"18":0,"19":0,"20":0,"21":0,"22":0,"23":0,"24":0,"25":0,"26":0,"27":0,"28":0,"29":0,"30":0,"31":4,"32":4,"33":4,"34":4,"35":4,"36":8,"37":4,"38":0},"f":{"0":0,"1":0,"2":0,"3":0,"4":0,"5":4,"6":8},"b":{},"_coverageSchema":"1a1c01bbd47fc00a2c39e90264f33305004495a9","hash":"1e15024c27eb3ac02bbb2d8093b89a623a2cddf6"}
,"/Users/banditbook/Coding/trivial/trivial-compute/src/gamelogic/audioQuestion.js": {"path":"/Users/banditbook/Coding/trivial/trivial-compute/src/gamelogic/audioQuestion.js","statementMap":{"0":{"start":{"line":19,"column":8},"end":{"line":19,"column":111}},"1":{"start":{"line":20,"column":8},"end":{"line":20,"column":41}}},"fnMap":{"0":{"name":"(anonymous_0)","decl":{"start":{"line":18,"column":4},"end":{"line":18,"column":5}},"loc":{"start":{"line":18,"column":107},"end":{"line":21,"column":5}},"line":18}},"branchMap":{},"s":{"0":1,"1":1},"f":{"0":1},"b":{},"_coverageSchema":"1a1c01bbd47fc00a2c39e90264f33305004495a9","hash":"367c168cfa13590dcbb6c018fdc01aed96ce494a"}
,"/Users/banditbook/Coding/trivial/trivial-compute/src/gamelogic/board.js": {"path":"/Users/banditbook/Coding/trivial/trivial-compute/src/gamelogic/board.js","statementMap":{"0":{"start":{"line":14,"column":8},"end":{"line":14,"column":23}},"1":{"start":{"line":15,"column":8},"end":{"line":15,"column":43}},"2":{"start":{"line":27,"column":29},"end":{"line":27,"column":31}},"3":{"start":{"line":35,"column":20},"end":{"line":35,"column":31}},"4":{"start":{"line":36,"column":8},"end":{"line":55,"column":15}},"5":{"start":{"line":39,"column":16},"end":{"line":39,"column":35}},"6":{"start":{"line":40,"column":16},"end":{"line":48,"column":17}},"7":{"start":{"line":41,"column":39},"end":{"line":41,"column":58}},"8":{"start":{"line":42,"column":38},"end":{"line":42,"column":61}},"9":{"start":{"line":43,"column":34},"end":{"line":43,"column":53}},"10":{"start":{"line":44,"column":39},"end":{"line":44,"column":57}},"11":{"start":{"line":46,"column":35},"end":{"line":46,"column":85}},"12":{"start":{"line":47,"column":20},"end":{"line":47,"column":53}},"13":{"start":{"line":50,"column":16},"end":{"line":50,"column":29}},"14":{"start":{"line":53,"column":16},"end":{"line":53,"column":62}},"15":{"start":{"line":54,"column":16},"end":{"line":54,"column":57}},"16":{"start":{"line":71,"column":8},"end":{"line":73,"column":9}},"17":{"start":{"line":72,"column":12},"end":{"line":72,"column":83}},"18":{"start":{"line":74,"column":8},"end":{"line":74,"column":38}},"19":{"start":{"line":83,"column":8},"end":{"line":83,"column":50}},"20":{"start":{"line":113,"column":21},"end":{"line":113,"column":23}},"21":{"start":{"line":114,"column":8},"end":{"line":116,"column":9}},"22":{"start":{"line":115,"column":12},"end":{"line":115,"column":61}},"23":{"start":{"line":117,"column":8},"end":{"line":117,"column":20}}},"fnMap":{"0":{"name":"(anonymous_0)","decl":{"start":{"line":13,"column":4},"end":{"line":13,"column":5}},"loc":{"start":{"line":13,"column":25},"end":{"line":16,"column":5}},"line":13},"1":{"name":"(anonymous_1)","decl":{"start":{"line":34,"column":4},"end":{"line":34,"column":5}},"loc":{"start":{"line":34,"column":29},"end":{"line":56,"column":5}},"line":34},"2":{"name":"(anonymous_2)","decl":{"start":{"line":37,"column":18},"end":{"line":37,"column":19}},"loc":{"start":{"line":37,"column":31},"end":{"line":51,"column":13}},"line":37},"3":{"name":"(anonymous_3)","decl":{"start":{"line":52,"column":19},"end":{"line":52,"column":20}},"loc":{"start":{"line":52,"column":28},"end":{"line":55,"column":13}},"line":52},"4":{"name":"(anonymous_4)","decl":{"start":{"line":62,"column":4},"end":{"line":62,"column":5}},"loc":{"start":{"line":62,"column":18},"end":{"line":62,"column":20}},"line":62},"5":{"name":"(anonymous_5)","decl":{"start":{"line":70,"column":4},"end":{"line":70,"column":5}},"loc":{"start":{"line":70,"column":24},"end":{"line":75,"column":5}},"line":70},"6":{"name":"(anonymous_6)","decl":{"start":{"line":82,"column":4},"end":{"line":82,"column":5}},"loc":{"start":{"line":82,"column":27},"end":{"line":84,"column":5}},"line":82},"7":{"name":"(anonymous_7)","decl":{"start":{"line":112,"column":4},"end":{"line":112,"column":5}},"loc":{"start":{"line":112,"column":13},"end":{"line":118,"column":5}},"line":112}},"branchMap":{"0":{"loc":{"start":{"line":71,"column":8},"end":{"line":73,"column":9}},"type":"if","locations":[{"start":{"line":71,"column":8},"end":{"line":73,"column":9}},{"start":{},"end":{}}],"line":71}},"s":{"0":0,"1":0,"2":2,"3":1,"4":1,"5":1,"6":1,"7":81,"8":81,"9":81,"10":81,"11":81,"12":81,"13":1,"14":0,"15":0,"16":195,"17":0,"18":195,"19":103,"20":0,"21":0,"22":0,"23":0},"f":{"0":0,"1":1,"2":1,"3":0,"4":3,"5":195,"6":103,"7":0},"b":{"0":[0,195]},"_coverageSchema":"1a1c01bbd47fc00a2c39e90264f33305004495a9","hash":"aea1dfc6bec497d2510466d04294f56a613e4f6e"}
,"/Users/banditbook/Coding/trivial/trivial-compute/src/gamelogic/category.js": {"path":"/Users/banditbook/Coding/trivial/trivial-compute/src/gamelogic/category.js","statementMap":{"0":{"start":{"line":21,"column":8},"end":{"line":21,"column":23}},"1":{"start":{"line":22,"column":8},"end":{"line":22,"column":51}},"2":{"start":{"line":37,"column":8},"end":{"line":56,"column":15}},"3":{"start":{"line":39,"column":31},"end":{"line":39,"column":49}},"4":{"start":{"line":41,"column":34},"end":{"line":41,"column":36}},"5":{"start":{"line":42,"column":16},"end":{"line":45,"column":17}},"6":{"start":{"line":43,"column":37},"end":{"line":43,"column":83}},"7":{"start":{"line":44,"column":20},"end":{"line":44,"column":45}},"8":{"start":{"line":49,"column":16},"end":{"line":49,"column":47}},"9":{"start":{"line":51,"column":16},"end":{"line":51,"column":32}},"10":{"start":{"line":54,"column":16},"end":{"line":54,"column":73}},"11":{"start":{"line":55,"column":16},"end":{"line":55,"column":68}},"12":{"start":{"line":67,"column":30},"end":{"line":67,"column":56}},"13":{"start":{"line":68,"column":30},"end":{"line":71,"column":9}},"14":{"start":{"line":72,"column":28},"end":{"line":72,"column":56}},"15":{"start":{"line":73,"column":32},"end":{"line":73,"column":65}},"16":{"start":{"line":74,"column":24},"end":{"line":74,"column":49}},"17":{"start":{"line":75,"column":23},"end":{"line":75,"column":47}},"18":{"start":{"line":76,"column":29},"end":{"line":76,"column":59}},"19":{"start":{"line":80,"column":8},"end":{"line":141,"column":9}},"20":{"start":{"line":82,"column":16},"end":{"line":89,"column":18}},"21":{"start":{"line":91,"column":16},"end":{"line":98,"column":18}},"22":{"start":{"line":100,"column":16},"end":{"line":108,"column":18}},"23":{"start":{"line":110,"column":16},"end":{"line":118,"column":18}},"24":{"start":{"line":120,"column":16},"end":{"line":128,"column":18}},"25":{"start":{"line":130,"column":16},"end":{"line":138,"column":18}},"26":{"start":{"line":140,"column":16},"end":{"line":140,"column":85}},"27":{"start":{"line":149,"column":8},"end":{"line":149,"column":25}},"28":{"start":{"line":150,"column":8},"end":{"line":150,"column":30}},"29":{"start":{"line":158,"column":28},"end":{"line":158,"column":77}},"30":{"start":{"line":159,"column":8},"end":{"line":159,"column":43}},"31":{"start":{"line":163,"column":8},"end":{"line":163,"column":25}}},"fnMap":{"0":{"name":"(anonymous_0)","decl":{"start":{"line":20,"column":4},"end":{"line":20,"column":5}},"loc":{"start":{"line":20,"column":25},"end":{"line":23,"column":5}},"line":20},"1":{"name":"(anonymous_1)","decl":{"start":{"line":36,"column":4},"end":{"line":36,"column":5}},"loc":{"start":{"line":36,"column":35},"end":{"line":57,"column":5}},"line":36},"2":{"name":"(anonymous_2)","decl":{"start":{"line":38,"column":18},"end":{"line":38,"column":19}},"loc":{"start":{"line":38,"column":35},"end":{"line":52,"column":13}},"line":38},"3":{"name":"(anonymous_3)","decl":{"start":{"line":53,"column":19},"end":{"line":53,"column":20}},"loc":{"start":{"line":53,"column":28},"end":{"line":56,"column":13}},"line":53},"4":{"name":"(anonymous_4)","decl":{"start":{"line":65,"column":4},"end":{"line":65,"column":5}},"loc":{"start":{"line":65,"column":55},"end":{"line":142,"column":5}},"line":65},"5":{"name":"(anonymous_5)","decl":{"start":{"line":148,"column":4},"end":{"line":148,"column":5}},"loc":{"start":{"line":148,"column":22},"end":{"line":151,"column":5}},"line":148},"6":{"name":"(anonymous_6)","decl":{"start":{"line":157,"column":4},"end":{"line":157,"column":5}},"loc":{"start":{"line":157,"column":25},"end":{"line":160,"column":5}},"line":157},"7":{"name":"(anonymous_7)","decl":{"start":{"line":162,"column":4},"end":{"line":162,"column":5}},"loc":{"start":{"line":162,"column":13},"end":{"line":164,"column":5}},"line":162}},"branchMap":{"0":{"loc":{"start":{"line":80,"column":8},"end":{"line":141,"column":9}},"type":"switch","locations":[{"start":{"line":81,"column":12},"end":{"line":89,"column":18}},{"start":{"line":90,"column":12},"end":{"line":98,"column":18}},{"start":{"line":99,"column":12},"end":{"line":108,"column":18}},{"start":{"line":109,"column":12},"end":{"line":118,"column":18}},{"start":{"line":119,"column":12},"end":{"line":128,"column":18}},{"start":{"line":129,"column":12},"end":{"line":138,"column":18}},{"start":{"line":139,"column":12},"end":{"line":140,"column":85}}],"line":80}},"s":{"0":0,"1":0,"2":4,"3":4,"4":4,"5":4,"6":8,"7":8,"8":4,"9":4,"10":0,"11":0,"12":8,"13":8,"14":8,"15":8,"16":8,"17":8,"18":8,"19":8,"20":0,"21":7,"22":0,"23":1,"24":0,"25":0,"26":0,"27":9,"28":9,"29":5,"30":5,"31":0},"f":{"0":0,"1":4,"2":4,"3":0,"4":8,"5":9,"6":5,"7":0},"b":{"0":[0,7,0,1,0,0,0]},"_coverageSchema":"1a1c01bbd47fc00a2c39e90264f33305004495a9","hash":"44bf3bab5b8dff7ac943efd2acf40015a6bb098e"}
,"/Users/banditbook/Coding/trivial/trivial-compute/src/gamelogic/color.js": {"path":"/Users/banditbook/Coding/trivial/trivial-compute/src/gamelogic/color.js","statementMap":{"0":{"start":{"line":1,"column":21},"end":{"line":8,"column":2}}},"fnMap":{},"branchMap":{},"s":{"0":2},"f":{},"b":{},"_coverageSchema":"1a1c01bbd47fc00a2c39e90264f33305004495a9","hash":"7d377c5adb52fb47c69c11176dfe8d8b7237c576"}
,"/Users/banditbook/Coding/trivial/trivial-compute/src/gamelogic/die.js": {"path":"/Users/banditbook/Coding/trivial/trivial-compute/src/gamelogic/die.js","statementMap":{"0":{"start":{"line":9,"column":8},"end":{"line":9,"column":54}}},"fnMap":{"0":{"name":"(anonymous_0)","decl":{"start":{"line":3,"column":4},"end":{"line":3,"column":5}},"loc":{"start":{"line":3,"column":18},"end":{"line":5,"column":5}},"line":3},"1":{"name":"(anonymous_1)","decl":{"start":{"line":7,"column":4},"end":{"line":7,"column":5}},"loc":{"start":{"line":7,"column":28},"end":{"line":10,"column":5}},"line":7}},"branchMap":{"0":{"loc":{"start":{"line":7,"column":9},"end":{"line":7,"column":16}},"type":"default-arg","locations":[{"start":{"line":7,"column":15},"end":{"line":7,"column":16}}],"line":7},"1":{"loc":{"start":{"line":7,"column":18},"end":{"line":7,"column":26}},"type":"default-arg","locations":[{"start":{"line":7,"column":25},"end":{"line":7,"column":26}}],"line":7}},"s":{"0":201},"f":{"0":4,"1":201},"b":{"0":[201],"1":[201]},"_coverageSchema":"1a1c01bbd47fc00a2c39e90264f33305004495a9","hash":"72c78f6de36224015764ffee017358b30ad6f0ba"}
,"/Users/banditbook/Coding/trivial/trivial-compute/src/gamelogic/direction.js": {"path":"/Users/banditbook/Coding/trivial/trivial-compute/src/gamelogic/direction.js","statementMap":{"0":{"start":{"line":1,"column":25},"end":{"line":6,"column":2}}},"fnMap":{},"branchMap":{},"s":{"0":2},"f":{},"b":{},"_coverageSchema":"1a1c01bbd47fc00a2c39e90264f33305004495a9","hash":"8630c53141774228d4f839c6cdfde312381192fa"}
,"/Users/banditbook/Coding/trivial/trivial-compute/src/gamelogic/gameSession.js": {"path":"/Users/banditbook/Coding/trivial/trivial-compute/src/gamelogic/gameSession.js","statementMap":{"0":{"start":{"line":16,"column":8},"end":{"line":16,"column":23}},"1":{"start":{"line":17,"column":8},"end":{"line":17,"column":46}},"2":{"start":{"line":23,"column":8},"end":{"line":23,"column":23}},"3":{"start":{"line":24,"column":8},"end":{"line":24,"column":48}},"4":{"start":{"line":44,"column":8},"end":{"line":44,"column":56}},"5":{"start":{"line":46,"column":28},"end":{"line":46,"column":78}},"6":{"start":{"line":47,"column":24},"end":{"line":47,"column":26}},"7":{"start":{"line":48,"column":8},"end":{"line":51,"column":9}},"8":{"start":{"line":48,"column":21},"end":{"line":48,"column":22}},"9":{"start":{"line":49,"column":27},"end":{"line":49,"column":69}},"10":{"start":{"line":50,"column":12},"end":{"line":50,"column":33}},"11":{"start":{"line":55,"column":33},"end":{"line":57,"column":9}},"12":{"start":{"line":56,"column":12},"end":{"line":56,"column":88}},"13":{"start":{"line":56,"column":70},"end":{"line":56,"column":87}},"14":{"start":{"line":59,"column":8},"end":{"line":69,"column":11}},"15":{"start":{"line":61,"column":58},"end":{"line":61,"column":85}},"16":{"start":{"line":64,"column":12},"end":{"line":64,"column":63}},"17":{"start":{"line":67,"column":12},"end":{"line":67,"column":65}},"18":{"start":{"line":68,"column":12},"end":{"line":68,"column":60}},"19":{"start":{"line":82,"column":8},"end":{"line":82,"column":55}},"20":{"start":{"line":85,"column":8},"end":{"line":88,"column":10}},"21":{"start":{"line":110,"column":19},"end":{"line":110,"column":21}},"22":{"start":{"line":111,"column":28},"end":{"line":111,"column":37}},"23":{"start":{"line":112,"column":8},"end":{"line":112,"column":47}},"24":{"start":{"line":113,"column":8},"end":{"line":113,"column":34}},"25":{"start":{"line":114,"column":8},"end":{"line":114,"column":35}},"26":{"start":{"line":115,"column":8},"end":{"line":123,"column":104}},"27":{"start":{"line":116,"column":12},"end":{"line":116,"column":38}},"28":{"start":{"line":117,"column":12},"end":{"line":117,"column":39}},"29":{"start":{"line":118,"column":12},"end":{"line":118,"column":55}},"30":{"start":{"line":119,"column":12},"end":{"line":119,"column":51}},"31":{"start":{"line":120,"column":12},"end":{"line":120,"column":38}},"32":{"start":{"line":121,"column":12},"end":{"line":121,"column":39}},"33":{"start":{"line":122,"column":12},"end":{"line":122,"column":65}},"34":{"start":{"line":124,"column":8},"end":{"line":124,"column":34}},"35":{"start":{"line":127,"column":8},"end":{"line":152,"column":9}},"36":{"start":{"line":129,"column":12},"end":{"line":129,"column":38}},"37":{"start":{"line":131,"column":62},"end":{"line":131,"column":83}},"38":{"start":{"line":132,"column":12},"end":{"line":139,"column":14}},"39":{"start":{"line":141,"column":12},"end":{"line":141,"column":38}},"40":{"start":{"line":144,"column":12},"end":{"line":151,"column":14}},"41":{"start":{"line":163,"column":30},"end":{"line":163,"column":57}},"42":{"start":{"line":164,"column":26},"end":{"line":164,"column":50}},"43":{"start":{"line":165,"column":8},"end":{"line":165,"column":51}},"44":{"start":{"line":166,"column":8},"end":{"line":169,"column":10}},"45":{"start":{"line":183,"column":26},"end":{"line":183,"column":56}},"46":{"start":{"line":184,"column":33},"end":{"line":184,"column":37}},"47":{"start":{"line":185,"column":20},"end":{"line":185,"column":24}},"48":{"start":{"line":186,"column":8},"end":{"line":203,"column":9}},"49":{"start":{"line":187,"column":12},"end":{"line":191,"column":13}},"50":{"start":{"line":188,"column":16},"end":{"line":188,"column":34}},"51":{"start":{"line":189,"column":16},"end":{"line":189,"column":61}},"52":{"start":{"line":190,"column":16},"end":{"line":190,"column":49}},"53":{"start":{"line":192,"column":12},"end":{"line":199,"column":13}},"54":{"start":{"line":193,"column":16},"end":{"line":198,"column":17}},"55":{"start":{"line":202,"column":12},"end":{"line":202,"column":27}},"56":{"start":{"line":204,"column":8},"end":{"line":209,"column":9}},"57":{"start":{"line":219,"column":30},"end":{"line":219,"column":57}},"58":{"start":{"line":220,"column":8},"end":{"line":222,"column":10}},"59":{"start":{"line":237,"column":33},"end":{"line":237,"column":37}},"60":{"start":{"line":238,"column":20},"end":{"line":238,"column":24}},"61":{"start":{"line":239,"column":8},"end":{"line":256,"column":9}},"62":{"start":{"line":240,"column":12},"end":{"line":244,"column":13}},"63":{"start":{"line":241,"column":16},"end":{"line":241,"column":34}},"64":{"start":{"line":242,"column":16},"end":{"line":242,"column":61}},"65":{"start":{"line":243,"column":16},"end":{"line":243,"column":49}},"66":{"start":{"line":245,"column":12},"end":{"line":252,"column":13}},"67":{"start":{"line":246,"column":16},"end":{"line":251,"column":17}},"68":{"start":{"line":255,"column":12},"end":{"line":255,"column":27}},"69":{"start":{"line":257,"column":8},"end":{"line":262,"column":9}},"70":{"start":{"line":273,"column":25},"end":{"line":273,"column":47}},"71":{"start":{"line":274,"column":8},"end":{"line":274,"column":61}},"72":{"start":{"line":275,"column":8},"end":{"line":275,"column":42}},"73":{"start":{"line":276,"column":8},"end":{"line":276,"column":36}},"74":{"start":{"line":286,"column":30},"end":{"line":286,"column":32}},"75":{"start":{"line":287,"column":8},"end":{"line":289,"column":9}},"76":{"start":{"line":288,"column":12},"end":{"line":288,"column":63}},"77":{"start":{"line":291,"column":28},"end":{"line":291,"column":30}},"78":{"start":{"line":292,"column":8},"end":{"line":295,"column":9}},"79":{"start":{"line":292,"column":21},"end":{"line":292,"column":22}},"80":{"start":{"line":293,"column":31},"end":{"line":293,"column":51}},"81":{"start":{"line":294,"column":12},"end":{"line":294,"column":41}},"82":{"start":{"line":297,"column":8},"end":{"line":300,"column":10}},"83":{"start":{"line":307,"column":21},"end":{"line":307,"column":34}},"84":{"start":{"line":308,"column":23},"end":{"line":308,"column":75}},"85":{"start":{"line":309,"column":8},"end":{"line":309,"column":26}},"86":{"start":{"line":310,"column":8},"end":{"line":314,"column":11}},"87":{"start":{"line":311,"column":12},"end":{"line":311,"column":60}},"88":{"start":{"line":313,"column":12},"end":{"line":313,"column":63}},"89":{"start":{"line":329,"column":8},"end":{"line":329,"column":29}},"90":{"start":{"line":330,"column":8},"end":{"line":330,"column":31}},"91":{"start":{"line":331,"column":8},"end":{"line":331,"column":37}},"92":{"start":{"line":332,"column":8},"end":{"line":332,"column":31}},"93":{"start":{"line":333,"column":8},"end":{"line":333,"column":36}},"94":{"start":{"line":334,"column":8},"end":{"line":334,"column":67}},"95":{"start":{"line":335,"column":8},"end":{"line":335,"column":47}},"96":{"start":{"line":336,"column":8},"end":{"line":336,"column":36}},"97":{"start":{"line":341,"column":8},"end":{"line":341,"column":34}},"98":{"start":{"line":353,"column":8},"end":{"line":355,"column":9}},"99":{"start":{"line":354,"column":12},"end":{"line":354,"column":95}},"100":{"start":{"line":357,"column":8},"end":{"line":359,"column":9}},"101":{"start":{"line":358,"column":12},"end":{"line":358,"column":87}},"102":{"start":{"line":366,"column":32},"end":{"line":366,"column":83}},"103":{"start":{"line":367,"column":8},"end":{"line":367,"column":41}},"104":{"start":{"line":375,"column":8},"end":{"line":375,"column":49}},"105":{"start":{"line":376,"column":8},"end":{"line":376,"column":67}},"106":{"start":{"line":384,"column":8},"end":{"line":384,"column":69}},"107":{"start":{"line":394,"column":39},"end":{"line":394,"column":95}},"108":{"start":{"line":395,"column":34},"end":{"line":395,"column":69}},"109":{"start":{"line":396,"column":8},"end":{"line":399,"column":9}},"110":{"start":{"line":398,"column":12},"end":{"line":398,"column":116}},"111":{"start":{"line":398,"column":66},"end":{"line":398,"column":114}},"112":{"start":{"line":400,"column":8},"end":{"line":400,"column":35}},"113":{"start":{"line":413,"column":30},"end":{"line":413,"column":34}},"114":{"start":{"line":414,"column":23},"end":{"line":414,"column":27}},"115":{"start":{"line":416,"column":8},"end":{"line":433,"column":9}},"116":{"start":{"line":417,"column":12},"end":{"line":417,"column":47}},"117":{"start":{"line":418,"column":15},"end":{"line":433,"column":9}},"118":{"start":{"line":420,"column":12},"end":{"line":420,"column":43}},"119":{"start":{"line":421,"column":12},"end":{"line":421,"column":33}},"120":{"start":{"line":422,"column":12},"end":{"line":424,"column":13}},"121":{"start":{"line":423,"column":16},"end":{"line":423,"column":69}},"122":{"start":{"line":425,"column":15},"end":{"line":433,"column":9}},"123":{"start":{"line":427,"column":12},"end":{"line":427,"column":39}},"124":{"start":{"line":428,"column":12},"end":{"line":428,"column":51}},"125":{"start":{"line":431,"column":12},"end":{"line":431,"column":43}},"126":{"start":{"line":432,"column":12},"end":{"line":432,"column":51}},"127":{"start":{"line":435,"column":8},"end":{"line":439,"column":9}},"128":{"start":{"line":448,"column":22},"end":{"line":448,"column":51}},"129":{"start":{"line":449,"column":25},"end":{"line":449,"column":47}},"130":{"start":{"line":450,"column":8},"end":{"line":450,"column":61}},"131":{"start":{"line":451,"column":8},"end":{"line":451,"column":42}},"132":{"start":{"line":452,"column":8},"end":{"line":452,"column":36}},"133":{"start":{"line":460,"column":22},"end":{"line":460,"column":51}},"134":{"start":{"line":461,"column":8},"end":{"line":461,"column":45}},"135":{"start":{"line":470,"column":8},"end":{"line":470,"column":45}},"136":{"start":{"line":479,"column":8},"end":{"line":481,"column":10}},"137":{"start":{"line":485,"column":28},"end":{"line":485,"column":30}},"138":{"start":{"line":486,"column":8},"end":{"line":488,"column":9}},"139":{"start":{"line":487,"column":12},"end":{"line":487,"column":46}},"140":{"start":{"line":490,"column":30},"end":{"line":490,"column":32}},"141":{"start":{"line":491,"column":8},"end":{"line":493,"column":9}},"142":{"start":{"line":492,"column":12},"end":{"line":492,"column":67}},"143":{"start":{"line":495,"column":30},"end":{"line":495,"column":34}},"144":{"start":{"line":496,"column":8},"end":{"line":498,"column":9}},"145":{"start":{"line":497,"column":12},"end":{"line":497,"column":60}},"146":{"start":{"line":500,"column":8},"end":{"line":508,"column":9}},"147":{"start":{"line":512,"column":8},"end":{"line":512,"column":24}},"148":{"start":{"line":513,"column":8},"end":{"line":513,"column":45}},"149":{"start":{"line":514,"column":8},"end":{"line":514,"column":49}},"150":{"start":{"line":515,"column":8},"end":{"line":515,"column":50}},"151":{"start":{"line":516,"column":8},"end":{"line":516,"column":46}},"152":{"start":{"line":517,"column":8},"end":{"line":517,"column":42}},"153":{"start":{"line":518,"column":8},"end":{"line":518,"column":54}}},"fnMap":{"0":{"name":"(anonymous_0)","decl":{"start":{"line":15,"column":4},"end":{"line":15,"column":5}},"loc":{"start":{"line":15,"column":25},"end":{"line":18,"column":5}},"line":15},"1":{"name":"(anonymous_1)","decl":{"start":{"line":22,"column":4},"end":{"line":22,"column":5}},"loc":{"start":{"line":22,"column":25},"end":{"line":25,"column":5}},"line":22},"2":{"name":"(anonymous_2)","decl":{"start":{"line":42,"column":4},"end":{"line":42,"column":5}},"loc":{"start":{"line":42,"column":57},"end":{"line":70,"column":5}},"line":42},"3":{"name":"(anonymous_3)","decl":{"start":{"line":55,"column":67},"end":{"line":55,"column":68}},"loc":{"start":{"line":56,"column":12},"end":{"line":56,"column":88}},"line":56},"4":{"name":"(anonymous_4)","decl":{"start":{"line":56,"column":58},"end":{"line":56,"column":59}},"loc":{"start":{"line":56,"column":70},"end":{"line":56,"column":87}},"line":56},"5":{"name":"(anonymous_5)","decl":{"start":{"line":61,"column":47},"end":{"line":61,"column":48}},"loc":{"start":{"line":61,"column":58},"end":{"line":61,"column":85}},"line":61},"6":{"name":"(anonymous_6)","decl":{"start":{"line":63,"column":14},"end":{"line":63,"column":15}},"loc":{"start":{"line":63,"column":39},"end":{"line":65,"column":9}},"line":63},"7":{"name":"(anonymous_7)","decl":{"start":{"line":66,"column":15},"end":{"line":66,"column":16}},"loc":{"start":{"line":66,"column":24},"end":{"line":69,"column":9}},"line":66},"8":{"name":"(anonymous_8)","decl":{"start":{"line":81,"column":4},"end":{"line":81,"column":5}},"loc":{"start":{"line":81,"column":14},"end":{"line":89,"column":5}},"line":81},"9":{"name":"(anonymous_9)","decl":{"start":{"line":109,"column":4},"end":{"line":109,"column":5}},"loc":{"start":{"line":109,"column":29},"end":{"line":153,"column":5}},"line":109},"10":{"name":"(anonymous_10)","decl":{"start":{"line":162,"column":4},"end":{"line":162,"column":5}},"loc":{"start":{"line":162,"column":27},"end":{"line":170,"column":5}},"line":162},"11":{"name":"(anonymous_11)","decl":{"start":{"line":182,"column":4},"end":{"line":182,"column":5}},"loc":{"start":{"line":182,"column":24},"end":{"line":210,"column":5}},"line":182},"12":{"name":"(anonymous_12)","decl":{"start":{"line":218,"column":4},"end":{"line":218,"column":5}},"loc":{"start":{"line":218,"column":17},"end":{"line":223,"column":5}},"line":218},"13":{"name":"(anonymous_13)","decl":{"start":{"line":236,"column":4},"end":{"line":236,"column":5}},"loc":{"start":{"line":236,"column":27},"end":{"line":263,"column":5}},"line":236},"14":{"name":"(anonymous_14)","decl":{"start":{"line":272,"column":4},"end":{"line":272,"column":5}},"loc":{"start":{"line":272,"column":26},"end":{"line":277,"column":5}},"line":272},"15":{"name":"(anonymous_15)","decl":{"start":{"line":285,"column":4},"end":{"line":285,"column":5}},"loc":{"start":{"line":285,"column":16},"end":{"line":301,"column":5}},"line":285},"16":{"name":"(anonymous_16)","decl":{"start":{"line":306,"column":4},"end":{"line":306,"column":5}},"loc":{"start":{"line":306,"column":15},"end":{"line":316,"column":5}},"line":306},"17":{"name":"(anonymous_17)","decl":{"start":{"line":310,"column":34},"end":{"line":310,"column":35}},"loc":{"start":{"line":310,"column":40},"end":{"line":312,"column":9}},"line":310},"18":{"name":"(anonymous_18)","decl":{"start":{"line":312,"column":17},"end":{"line":312,"column":18}},"loc":{"start":{"line":312,"column":28},"end":{"line":314,"column":9}},"line":312},"19":{"name":"(anonymous_19)","decl":{"start":{"line":328,"column":4},"end":{"line":328,"column":5}},"loc":{"start":{"line":328,"column":44},"end":{"line":342,"column":5}},"line":328},"20":{"name":"(anonymous_20)","decl":{"start":{"line":352,"column":4},"end":{"line":352,"column":5}},"loc":{"start":{"line":352,"column":54},"end":{"line":360,"column":5}},"line":352},"21":{"name":"(anonymous_21)","decl":{"start":{"line":365,"column":4},"end":{"line":365,"column":5}},"loc":{"start":{"line":365,"column":14},"end":{"line":368,"column":5}},"line":365},"22":{"name":"(anonymous_22)","decl":{"start":{"line":374,"column":4},"end":{"line":374,"column":5}},"loc":{"start":{"line":374,"column":31},"end":{"line":377,"column":5}},"line":374},"23":{"name":"(anonymous_23)","decl":{"start":{"line":383,"column":4},"end":{"line":383,"column":5}},"loc":{"start":{"line":383,"column":23},"end":{"line":385,"column":5}},"line":383},"24":{"name":"(anonymous_24)","decl":{"start":{"line":393,"column":4},"end":{"line":393,"column":5}},"loc":{"start":{"line":393,"column":53},"end":{"line":401,"column":5}},"line":393},"25":{"name":"(anonymous_25)","decl":{"start":{"line":398,"column":61},"end":{"line":398,"column":62}},"loc":{"start":{"line":398,"column":66},"end":{"line":398,"column":114}},"line":398},"26":{"name":"(anonymous_26)","decl":{"start":{"line":411,"column":4},"end":{"line":411,"column":5}},"loc":{"start":{"line":411,"column":21},"end":{"line":440,"column":5}},"line":411},"27":{"name":"(anonymous_27)","decl":{"start":{"line":447,"column":4},"end":{"line":447,"column":5}},"loc":{"start":{"line":447,"column":18},"end":{"line":453,"column":5}},"line":447},"28":{"name":"(anonymous_28)","decl":{"start":{"line":459,"column":4},"end":{"line":459,"column":5}},"loc":{"start":{"line":459,"column":17},"end":{"line":462,"column":5}},"line":459},"29":{"name":"(anonymous_29)","decl":{"start":{"line":469,"column":4},"end":{"line":469,"column":5}},"loc":{"start":{"line":469,"column":21},"end":{"line":471,"column":5}},"line":469},"30":{"name":"(anonymous_30)","decl":{"start":{"line":478,"column":4},"end":{"line":478,"column":5}},"loc":{"start":{"line":478,"column":14},"end":{"line":482,"column":5}},"line":478},"31":{"name":"(anonymous_31)","decl":{"start":{"line":484,"column":4},"end":{"line":484,"column":5}},"loc":{"start":{"line":484,"column":13},"end":{"line":509,"column":5}},"line":484},"32":{"name":"(anonymous_32)","decl":{"start":{"line":511,"column":4},"end":{"line":511,"column":5}},"loc":{"start":{"line":511,"column":18},"end":{"line":519,"column":5}},"line":511}},"branchMap":{"0":{"loc":{"start":{"line":123,"column":17},"end":{"line":123,"column":102}},"type":"binary-expr","locations":[{"start":{"line":123,"column":18},"end":{"line":123,"column":54}},{"start":{"line":123,"column":60},"end":{"line":123,"column":101}}],"line":123},"1":{"loc":{"start":{"line":127,"column":8},"end":{"line":152,"column":9}},"type":"if","locations":[{"start":{"line":127,"column":8},"end":{"line":152,"column":9}},{"start":{"line":140,"column":15},"end":{"line":152,"column":9}}],"line":127},"2":{"loc":{"start":{"line":186,"column":8},"end":{"line":203,"column":9}},"type":"if","locations":[{"start":{"line":186,"column":8},"end":{"line":203,"column":9}},{"start":{"line":201,"column":15},"end":{"line":203,"column":9}}],"line":186},"3":{"loc":{"start":{"line":187,"column":12},"end":{"line":191,"column":13}},"type":"if","locations":[{"start":{"line":187,"column":12},"end":{"line":191,"column":13}},{"start":{},"end":{}}],"line":187},"4":{"loc":{"start":{"line":192,"column":12},"end":{"line":199,"column":13}},"type":"if","locations":[{"start":{"line":192,"column":12},"end":{"line":199,"column":13}},{"start":{},"end":{}}],"line":192},"5":{"loc":{"start":{"line":192,"column":16},"end":{"line":192,"column":73}},"type":"binary-expr","locations":[{"start":{"line":192,"column":16},"end":{"line":192,"column":48}},{"start":{"line":192,"column":52},"end":{"line":192,"column":73}}],"line":192},"6":{"loc":{"start":{"line":239,"column":8},"end":{"line":256,"column":9}},"type":"if","locations":[{"start":{"line":239,"column":8},"end":{"line":256,"column":9}},{"start":{"line":254,"column":15},"end":{"line":256,"column":9}}],"line":239},"7":{"loc":{"start":{"line":240,"column":12},"end":{"line":244,"column":13}},"type":"if","locations":[{"start":{"line":240,"column":12},"end":{"line":244,"column":13}},{"start":{},"end":{}}],"line":240},"8":{"loc":{"start":{"line":245,"column":12},"end":{"line":252,"column":13}},"type":"if","locations":[{"start":{"line":245,"column":12},"end":{"line":252,"column":13}},{"start":{},"end":{}}],"line":245},"9":{"loc":{"start":{"line":245,"column":16},"end":{"line":245,"column":73}},"type":"binary-expr","locations":[{"start":{"line":245,"column":16},"end":{"line":245,"column":48}},{"start":{"line":245,"column":52},"end":{"line":245,"column":73}}],"line":245},"10":{"loc":{"start":{"line":353,"column":8},"end":{"line":355,"column":9}},"type":"if","locations":[{"start":{"line":353,"column":8},"end":{"line":355,"column":9}},{"start":{},"end":{}}],"line":353},"11":{"loc":{"start":{"line":353,"column":12},"end":{"line":353,"column":64}},"type":"binary-expr","locations":[{"start":{"line":353,"column":13},"end":{"line":353,"column":35}},{"start":{"line":353,"column":41},"end":{"line":353,"column":63}}],"line":353},"12":{"loc":{"start":{"line":357,"column":8},"end":{"line":359,"column":9}},"type":"if","locations":[{"start":{"line":357,"column":8},"end":{"line":359,"column":9}},{"start":{},"end":{}}],"line":357},"13":{"loc":{"start":{"line":396,"column":8},"end":{"line":399,"column":9}},"type":"if","locations":[{"start":{"line":396,"column":8},"end":{"line":399,"column":9}},{"start":{},"end":{}}],"line":396},"14":{"loc":{"start":{"line":416,"column":8},"end":{"line":433,"column":9}},"type":"if","locations":[{"start":{"line":416,"column":8},"end":{"line":433,"column":9}},{"start":{"line":418,"column":15},"end":{"line":433,"column":9}}],"line":416},"15":{"loc":{"start":{"line":418,"column":15},"end":{"line":433,"column":9}},"type":"if","locations":[{"start":{"line":418,"column":15},"end":{"line":433,"column":9}},{"start":{"line":425,"column":15},"end":{"line":433,"column":9}}],"line":418},"16":{"loc":{"start":{"line":425,"column":15},"end":{"line":433,"column":9}},"type":"if","locations":[{"start":{"line":425,"column":15},"end":{"line":433,"column":9}},{"start":{"line":429,"column":15},"end":{"line":433,"column":9}}],"line":425},"17":{"loc":{"start":{"line":496,"column":8},"end":{"line":498,"column":9}},"type":"if","locations":[{"start":{"line":496,"column":8},"end":{"line":498,"column":9}},{"start":{},"end":{}}],"line":496}},"s":{"0":0,"1":0,"2":0,"3":0,"4":1,"5":1,"6":1,"7":1,"8":1,"9":4,"10":4,"11":1,"12":4,"13":4,"14":1,"15":1,"16":1,"17":0,"18":0,"19":101,"20":101,"21":1,"22":1,"23":1,"24":1,"25":1,"26":1,"27":1,"28":1,"29":1,"30":1,"31":1,"32":1,"33":1,"34":1,"35":1,"36":1,"37":1,"38":1,"39":0,"40":0,"41":0,"42":0,"43":0,"44":0,"45":0,"46":0,"47":0,"48":0,"49":0,"50":0,"51":0,"52":0,"53":0,"54":0,"55":0,"56":0,"57":1,"58":1,"59":2,"60":2,"61":2,"62":1,"63":0,"64":0,"65":0,"66":1,"67":0,"68":1,"69":2,"70":0,"71":0,"72":0,"73":0,"74":2,"75":2,"76":8,"77":2,"78":2,"79":2,"80":8,"81":8,"82":2,"83":0,"84":0,"85":0,"86":0,"87":0,"88":0,"89":3,"90":3,"91":3,"92":3,"93":3,"94":3,"95":3,"96":3,"97":3,"98":1,"99":0,"100":1,"101":0,"102":1,"103":1,"104":1,"105":1,"106":11,"107":102,"108":102,"109":102,"110":1,"111":2,"112":102,"113":1,"114":1,"115":1,"116":0,"117":1,"118":0,"119":0,"120":0,"121":0,"122":1,"123":0,"124":0,"125":1,"126":1,"127":1,"128":1,"129":1,"130":1,"131":1,"132":1,"133":0,"134":0,"135":0,"136":1,"137":0,"138":0,"139":0,"140":0,"141":0,"142":0,"143":0,"144":0,"145":0,"146":0,"147":5,"148":5,"149":5,"150":5,"151":5,"152":5,"153":5},"f":{"0":0,"1":0,"2":1,"3":4,"4":4,"5":1,"6":1,"7":0,"8":101,"9":1,"10":0,"11":0,"12":1,"13":2,"14":0,"15":2,"16":0,"17":0,"18":0,"19":3,"20":1,"21":1,"22":1,"23":11,"24":102,"25":2,"26":1,"27":1,"28":0,"29":0,"30":1,"31":0,"32":5},"b":{"0":[1,0],"1":[1,0],"2":[0,0],"3":[0,0],"4":[0,0],"5":[0,0],"6":[1,1],"7":[0,1],"8":[0,1],"9":[1,0],"10":[0,1],"11":[1,1],"12":[0,1],"13":[1,101],"14":[0,1],"15":[0,1],"16":[0,1],"17":[0,0]},"_coverageSchema":"1a1c01bbd47fc00a2c39e90264f33305004495a9","hash":"9a0d03c6ed4bee2eb68bbbe0cebe660d91db9c4d"}
,"/Users/banditbook/Coding/trivial/trivial-compute/src/gamelogic/imageQuestion.js": {"path":"/Users/banditbook/Coding/trivial/trivial-compute/src/gamelogic/imageQuestion.js","statementMap":{"0":{"start":{"line":19,"column":8},"end":{"line":19,"column":111}},"1":{"start":{"line":20,"column":8},"end":{"line":20,"column":41}}},"fnMap":{"0":{"name":"(anonymous_0)","decl":{"start":{"line":18,"column":4},"end":{"line":18,"column":5}},"loc":{"start":{"line":18,"column":107},"end":{"line":21,"column":5}},"line":18}},"branchMap":{},"s":{"0":0,"1":0},"f":{"0":0},"b":{},"_coverageSchema":"1a1c01bbd47fc00a2c39e90264f33305004495a9","hash":"3f5439b0f58711d4c5879f4662a7bf26fea658e2"}
,"/Users/banditbook/Coding/trivial/trivial-compute/src/gamelogic/multipleChoiceTextQuestion.js": {"path":"/Users/banditbook/Coding/trivial/trivial-compute/src/gamelogic/multipleChoiceTextQuestion.js","statementMap":{"0":{"start":{"line":19,"column":8},"end":{"line":19,"column":121}},"1":{"start":{"line":20,"column":8},"end":{"line":20,"column":31}}},"fnMap":{"0":{"name":"(anonymous_0)","decl":{"start":{"line":18,"column":4},"end":{"line":18,"column":5}},"loc":{"start":{"line":18,"column":102},"end":{"line":21,"column":5}},"line":18}},"branchMap":{},"s":{"0":0,"1":0},"f":{"0":0},"b":{},"_coverageSchema":"1a1c01bbd47fc00a2c39e90264f33305004495a9","hash":"ce0fe82358528839c9742f7bf63037e688d78f13"}
,"/Users/banditbook/Coding/trivial/trivial-compute/src/gamelogic/openEndedTextQuestion.js": {"path":"/Users/banditbook/Coding/trivial/trivial-compute/src/gamelogic/openEndedTextQuestion.js","statementMap":{"0":{"start":{"line":18,"column":8},"end":{"line":18,"column":115}}},"fnMap":{"0":{"name":"(anonymous_0)","decl":{"start":{"line":17,"column":4},"end":{"line":17,"column":5}},"loc":{"start":{"line":17,"column":93},"end":{"line":19,"column":5}},"line":17}},"branchMap":{},"s":{"0":12},"f":{"0":12},"b":{},"_coverageSchema":"1a1c01bbd47fc00a2c39e90264f33305004495a9","hash":"826c4114e9c648054be728261e5832de8716654b"}
,"/Users/banditbook/Coding/trivial/trivial-compute/src/gamelogic/player.js": {"path":"/Users/banditbook/Coding/trivial/trivial-compute/src/gamelogic/player.js","statementMap":{"0":{"start":{"line":14,"column":8},"end":{"line":14,"column":23}},"1":{"start":{"line":15,"column":8},"end":{"line":15,"column":44}},"2":{"start":{"line":27,"column":27},"end":{"line":27,"column":115}},"3":{"start":{"line":39,"column":8},"end":{"line":39,"column":25}},"4":{"start":{"line":40,"column":8},"end":{"line":40,"column":37}},"5":{"start":{"line":41,"column":8},"end":{"line":41,"column":27}},"6":{"start":{"line":42,"column":8},"end":{"line":42,"column":27}},"7":{"start":{"line":43,"column":8},"end":{"line":43,"column":33}},"8":{"start":{"line":44,"column":8},"end":{"line":44,"column":48}},"9":{"start":{"line":49,"column":8},"end":{"line":49,"column":44}},"10":{"start":{"line":54,"column":8},"end":{"line":54,"column":27}},"11":{"start":{"line":57,"column":18},"end":{"line":57,"column":37}},"12":{"start":{"line":64,"column":8},"end":{"line":64,"column":34}},"13":{"start":{"line":73,"column":8},"end":{"line":73,"column":28}},"14":{"start":{"line":74,"column":8},"end":{"line":93,"column":9}},"15":{"start":{"line":76,"column":16},"end":{"line":76,"column":36}},"16":{"start":{"line":77,"column":16},"end":{"line":77,"column":62}},"17":{"start":{"line":78,"column":16},"end":{"line":78,"column":22}},"18":{"start":{"line":80,"column":16},"end":{"line":80,"column":36}},"19":{"start":{"line":81,"column":16},"end":{"line":81,"column":60}},"20":{"start":{"line":82,"column":16},"end":{"line":82,"column":22}},"21":{"start":{"line":84,"column":16},"end":{"line":84,"column":35}},"22":{"start":{"line":85,"column":16},"end":{"line":85,"column":63}},"23":{"start":{"line":86,"column":16},"end":{"line":86,"column":22}},"24":{"start":{"line":88,"column":16},"end":{"line":88,"column":35}},"25":{"start":{"line":89,"column":16},"end":{"line":89,"column":62}},"26":{"start":{"line":90,"column":16},"end":{"line":90,"column":22}},"27":{"start":{"line":92,"column":16},"end":{"line":92,"column":79}},"28":{"start":{"line":102,"column":21},"end":{"line":102,"column":22}},"29":{"start":{"line":103,"column":8},"end":{"line":107,"column":9}},"30":{"start":{"line":104,"column":12},"end":{"line":106,"column":13}},"31":{"start":{"line":105,"column":16},"end":{"line":105,"column":25}},"32":{"start":{"line":108,"column":8},"end":{"line":108,"column":39}},"33":{"start":{"line":112,"column":8},"end":{"line":121,"column":9}}},"fnMap":{"0":{"name":"(anonymous_0)","decl":{"start":{"line":13,"column":4},"end":{"line":13,"column":5}},"loc":{"start":{"line":13,"column":25},"end":{"line":16,"column":5}},"line":13},"1":{"name":"(anonymous_1)","decl":{"start":{"line":38,"column":4},"end":{"line":38,"column":5}},"loc":{"start":{"line":38,"column":110},"end":{"line":55,"column":5}},"line":38},"2":{"name":"(anonymous_2)","decl":{"start":{"line":57,"column":4},"end":{"line":57,"column":5}},"loc":{"start":{"line":57,"column":16},"end":{"line":57,"column":39}},"line":57},"3":{"name":"(anonymous_3)","decl":{"start":{"line":63,"column":4},"end":{"line":63,"column":5}},"loc":{"start":{"line":63,"column":22},"end":{"line":65,"column":5}},"line":63},"4":{"name":"(anonymous_4)","decl":{"start":{"line":72,"column":4},"end":{"line":72,"column":5}},"loc":{"start":{"line":72,"column":24},"end":{"line":94,"column":5}},"line":72},"5":{"name":"(anonymous_5)","decl":{"start":{"line":101,"column":4},"end":{"line":101,"column":5}},"loc":{"start":{"line":101,"column":32},"end":{"line":109,"column":5}},"line":101},"6":{"name":"(anonymous_6)","decl":{"start":{"line":111,"column":4},"end":{"line":111,"column":5}},"loc":{"start":{"line":111,"column":13},"end":{"line":122,"column":5}},"line":111}},"branchMap":{"0":{"loc":{"start":{"line":38,"column":34},"end":{"line":38,"column":46}},"type":"default-arg","locations":[{"start":{"line":38,"column":42},"end":{"line":38,"column":46}}],"line":38},"1":{"loc":{"start":{"line":38,"column":48},"end":{"line":38,"column":60}},"type":"default-arg","locations":[{"start":{"line":38,"column":56},"end":{"line":38,"column":60}}],"line":38},"2":{"loc":{"start":{"line":38,"column":62},"end":{"line":38,"column":94}},"type":"default-arg","locations":[{"start":{"line":38,"column":73},"end":{"line":38,"column":94}}],"line":38},"3":{"loc":{"start":{"line":38,"column":96},"end":{"line":38,"column":108}},"type":"default-arg","locations":[{"start":{"line":38,"column":104},"end":{"line":38,"column":108}}],"line":38},"4":{"loc":{"start":{"line":74,"column":8},"end":{"line":93,"column":9}},"type":"switch","locations":[{"start":{"line":75,"column":12},"end":{"line":78,"column":22}},{"start":{"line":79,"column":12},"end":{"line":82,"column":22}},{"start":{"line":83,"column":12},"end":{"line":86,"column":22}},{"start":{"line":87,"column":12},"end":{"line":90,"column":22}},{"start":{"line":91,"column":12},"end":{"line":92,"column":79}}],"line":74},"5":{"loc":{"start":{"line":101,"column":13},"end":{"line":101,"column":30}},"type":"default-arg","locations":[{"start":{"line":101,"column":29},"end":{"line":101,"column":30}}],"line":101},"6":{"loc":{"start":{"line":104,"column":12},"end":{"line":106,"column":13}},"type":"if","locations":[{"start":{"line":104,"column":12},"end":{"line":106,"column":13}},{"start":{},"end":{}}],"line":104}},"s":{"0":0,"1":0,"2":2,"3":9,"4":9,"5":9,"6":9,"7":9,"8":9,"9":9,"10":9,"11":5,"12":0,"13":1,"14":1,"15":0,"16":0,"17":0,"18":1,"19":1,"20":1,"21":0,"22":0,"23":0,"24":0,"25":0,"26":0,"27":0,"28":0,"29":0,"30":0,"31":0,"32":0,"33":0},"f":{"0":0,"1":9,"2":5,"3":0,"4":1,"5":0,"6":0},"b":{"0":[9],"1":[9],"2":[9],"3":[9],"4":[0,1,0,0,0],"5":[0],"6":[0,0]},"_coverageSchema":"1a1c01bbd47fc00a2c39e90264f33305004495a9","hash":"8b56f4243374144a1ff29fc2dc4e785cafeb043e"}
,"/Users/banditbook/Coding/trivial/trivial-compute/src/gamelogic/question.js": {"path":"/Users/banditbook/Coding/trivial/trivial-compute/src/gamelogic/question.js","statementMap":{"0":{"start":{"line":19,"column":8},"end":{"line":21,"column":9}},"1":{"start":{"line":20,"column":12},"end":{"line":20,"column":105}},"2":{"start":{"line":22,"column":8},"end":{"line":22,"column":45}},"3":{"start":{"line":23,"column":8},"end":{"line":23,"column":43}},"4":{"start":{"line":24,"column":8},"end":{"line":24,"column":43}},"5":{"start":{"line":25,"column":8},"end":{"line":25,"column":39}},"6":{"start":{"line":26,"column":8},"end":{"line":26,"column":47}},"7":{"start":{"line":27,"column":8},"end":{"line":27,"column":31}},"8":{"start":{"line":28,"column":8},"end":{"line":28,"column":30}},"9":{"start":{"line":36,"column":8},"end":{"line":36,"column":28}},"10":{"start":{"line":40,"column":8},"end":{"line":40,"column":20}}},"fnMap":{"0":{"name":"(anonymous_0)","decl":{"start":{"line":18,"column":4},"end":{"line":18,"column":5}},"loc":{"start":{"line":18,"column":109},"end":{"line":29,"column":5}},"line":18},"1":{"name":"(anonymous_1)","decl":{"start":{"line":35,"column":4},"end":{"line":35,"column":5}},"loc":{"start":{"line":35,"column":17},"end":{"line":37,"column":5}},"line":35},"2":{"name":"(anonymous_2)","decl":{"start":{"line":39,"column":4},"end":{"line":39,"column":5}},"loc":{"start":{"line":39,"column":13},"end":{"line":50,"column":5}},"line":39}},"branchMap":{"0":{"loc":{"start":{"line":19,"column":8},"end":{"line":21,"column":9}},"type":"if","locations":[{"start":{"line":19,"column":8},"end":{"line":21,"column":9}},{"start":{},"end":{}}],"line":19}},"s":{"0":13,"1":0,"2":13,"3":13,"4":13,"5":13,"6":13,"7":13,"8":13,"9":9,"10":17},"f":{"0":13,"1":9,"2":17},"b":{"0":[0,13]},"_coverageSchema":"1a1c01bbd47fc00a2c39e90264f33305004495a9","hash":"e7f188b672b76b2f40410eff3ef80ec212d2e908"}
,"/Users/banditbook/Coding/trivial/trivial-compute/src/gamelogic/questionStats.js": {"path":"/Users/banditbook/Coding/trivial/trivial-compute/src/gamelogic/questionStats.js","statementMap":{"0":{"start":{"line":11,"column":8},"end":{"line":11,"column":37}},"1":{"start":{"line":12,"column":8},"end":{"line":12,"column":61}},"2":{"start":{"line":20,"column":8},"end":{"line":20,"column":26}},"3":{"start":{"line":21,"column":8},"end":{"line":23,"column":9}},"4":{"start":{"line":22,"column":12},"end":{"line":22,"column":42}},"5":{"start":{"line":31,"column":8},"end":{"line":33,"column":9}},"6":{"start":{"line":32,"column":12},"end":{"line":32,"column":21}},"7":{"start":{"line":34,"column":8},"end":{"line":34,"column":69}},"8":{"start":{"line":38,"column":8},"end":{"line":42,"column":9}}},"fnMap":{"0":{"name":"(anonymous_0)","decl":{"start":{"line":10,"column":4},"end":{"line":10,"column":5}},"loc":{"start":{"line":10,"column":60},"end":{"line":13,"column":5}},"line":10},"1":{"name":"(anonymous_1)","decl":{"start":{"line":19,"column":4},"end":{"line":19,"column":5}},"loc":{"start":{"line":19,"column":25},"end":{"line":24,"column":5}},"line":19},"2":{"name":"(anonymous_2)","decl":{"start":{"line":30,"column":4},"end":{"line":30,"column":5}},"loc":{"start":{"line":30,"column":25},"end":{"line":35,"column":5}},"line":30},"3":{"name":"(anonymous_3)","decl":{"start":{"line":37,"column":4},"end":{"line":37,"column":5}},"loc":{"start":{"line":37,"column":13},"end":{"line":43,"column":5}},"line":37}},"branchMap":{"0":{"loc":{"start":{"line":10,"column":16},"end":{"line":10,"column":30}},"type":"default-arg","locations":[{"start":{"line":10,"column":29},"end":{"line":10,"column":30}}],"line":10},"1":{"loc":{"start":{"line":10,"column":32},"end":{"line":10,"column":58}},"type":"default-arg","locations":[{"start":{"line":10,"column":57},"end":{"line":10,"column":58}}],"line":10},"2":{"loc":{"start":{"line":21,"column":8},"end":{"line":23,"column":9}},"type":"if","locations":[{"start":{"line":21,"column":8},"end":{"line":23,"column":9}},{"start":{},"end":{}}],"line":21},"3":{"loc":{"start":{"line":31,"column":8},"end":{"line":33,"column":9}},"type":"if","locations":[{"start":{"line":31,"column":8},"end":{"line":33,"column":9}},{"start":{},"end":{}}],"line":31}},"s":{"0":8,"1":8,"2":0,"3":0,"4":0,"5":0,"6":0,"7":0,"8":0},"f":{"0":8,"1":0,"2":0,"3":0},"b":{"0":[8],"1":[0],"2":[0,0],"3":[0,0]},"_coverageSchema":"1a1c01bbd47fc00a2c39e90264f33305004495a9","hash":"e800730b845ea2ff038d417ce575f844109dcbbe"}
,"/Users/banditbook/Coding/trivial/trivial-compute/src/gamelogic/questionType.js": {"path":"/Users/banditbook/Coding/trivial/trivial-compute/src/gamelogic/questionType.js","statementMap":{"0":{"start":{"line":1,"column":28},"end":{"line":7,"column":2}}},"fnMap":{},"branchMap":{},"s":{"0":2},"f":{},"b":{},"_coverageSchema":"1a1c01bbd47fc00a2c39e90264f33305004495a9","hash":"156755a37b5d0839b3d4742d3d838897e63f3679"}
,"/Users/banditbook/Coding/trivial/trivial-compute/src/gamelogic/square.js": {"path":"/Users/banditbook/Coding/trivial/trivial-compute/src/gamelogic/square.js","statementMap":{"0":{"start":{"line":19,"column":8},"end":{"line":19,"column":34}},"1":{"start":{"line":20,"column":8},"end":{"line":20,"column":36}},"2":{"start":{"line":21,"column":8},"end":{"line":21,"column":28}},"3":{"start":{"line":22,"column":8},"end":{"line":22,"column":38}},"4":{"start":{"line":25,"column":21},"end":{"line":25,"column":43}},"5":{"start":{"line":26,"column":22},"end":{"line":26,"column":45}},"6":{"start":{"line":27,"column":18},"end":{"line":27,"column":37}},"7":{"start":{"line":28,"column":23},"end":{"line":28,"column":47}},"8":{"start":{"line":29,"column":17},"end":{"line":29,"column":59}},"9":{"start":{"line":30,"column":21},"end":{"line":30,"column":67}},"10":{"start":{"line":31,"column":24},"end":{"line":31,"column":74}},"11":{"start":{"line":32,"column":27},"end":{"line":32,"column":74}},"12":{"start":{"line":35,"column":8},"end":{"line":38,"column":9}}},"fnMap":{"0":{"name":"(anonymous_0)","decl":{"start":{"line":18,"column":4},"end":{"line":18,"column":5}},"loc":{"start":{"line":18,"column":95},"end":{"line":23,"column":5}},"line":18},"1":{"name":"(anonymous_1)","decl":{"start":{"line":25,"column":4},"end":{"line":25,"column":5}},"loc":{"start":{"line":25,"column":19},"end":{"line":25,"column":45}},"line":25},"2":{"name":"(anonymous_2)","decl":{"start":{"line":26,"column":4},"end":{"line":26,"column":5}},"loc":{"start":{"line":26,"column":20},"end":{"line":26,"column":47}},"line":26},"3":{"name":"(anonymous_3)","decl":{"start":{"line":27,"column":4},"end":{"line":27,"column":5}},"loc":{"start":{"line":27,"column":16},"end":{"line":27,"column":39}},"line":27},"4":{"name":"(anonymous_4)","decl":{"start":{"line":28,"column":4},"end":{"line":28,"column":5}},"loc":{"start":{"line":28,"column":21},"end":{"line":28,"column":49}},"line":28},"5":{"name":"(anonymous_5)","decl":{"start":{"line":29,"column":4},"end":{"line":29,"column":5}},"loc":{"start":{"line":29,"column":15},"end":{"line":29,"column":61}},"line":29},"6":{"name":"(anonymous_6)","decl":{"start":{"line":30,"column":4},"end":{"line":30,"column":5}},"loc":{"start":{"line":30,"column":19},"end":{"line":30,"column":69}},"line":30},"7":{"name":"(anonymous_7)","decl":{"start":{"line":31,"column":4},"end":{"line":31,"column":5}},"loc":{"start":{"line":31,"column":22},"end":{"line":31,"column":76}},"line":31},"8":{"name":"(anonymous_8)","decl":{"start":{"line":32,"column":4},"end":{"line":32,"column":5}},"loc":{"start":{"line":32,"column":25},"end":{"line":32,"column":76}},"line":32},"9":{"name":"(anonymous_9)","decl":{"start":{"line":34,"column":4},"end":{"line":34,"column":5}},"loc":{"start":{"line":34,"column":13},"end":{"line":39,"column":5}},"line":34}},"branchMap":{"0":{"loc":{"start":{"line":18,"column":26},"end":{"line":18,"column":40}},"type":"default-arg","locations":[{"start":{"line":18,"column":38},"end":{"line":18,"column":40}}],"line":18},"1":{"loc":{"start":{"line":18,"column":42},"end":{"line":18,"column":61}},"type":"default-arg","locations":[{"start":{"line":18,"column":50},"end":{"line":18,"column":61}}],"line":18},"2":{"loc":{"start":{"line":18,"column":63},"end":{"line":18,"column":93}},"type":"default-arg","locations":[{"start":{"line":18,"column":76},"end":{"line":18,"column":93}}],"line":18}},"s":{"0":81,"1":81,"2":81,"3":81,"4":81,"5":103,"6":249,"7":248,"8":83,"9":83,"10":82,"11":81,"12":86},"f":{"0":81,"1":81,"2":103,"3":249,"4":248,"5":83,"6":83,"7":82,"8":81,"9":86},"b":{"0":[36],"1":[36],"2":[72]},"_coverageSchema":"1a1c01bbd47fc00a2c39e90264f33305004495a9","hash":"41950f8c83eba62261b4b2733c3d11840e6a94d1"}
,"/Users/banditbook/Coding/trivial/trivial-compute/src/gamelogic/squareType.js": {"path":"/Users/banditbook/Coding/trivial/trivial-compute/src/gamelogic/squareType.js","statementMap":{"0":{"start":{"line":3,"column":26},"end":{"line":8,"column":2}}},"fnMap":{},"branchMap":{},"s":{"0":2},"f":{},"b":{},"_coverageSchema":"1a1c01bbd47fc00a2c39e90264f33305004495a9","hash":"eadfc1329b48b2f2bab481b1557c6a138b98c62a"}
,"/Users/banditbook/Coding/trivial/trivial-compute/src/gamelogic/videoQuestion.js": {"path":"/Users/banditbook/Coding/trivial/trivial-compute/src/gamelogic/videoQuestion.js","statementMap":{"0":{"start":{"line":19,"column":8},"end":{"line":19,"column":111}},"1":{"start":{"line":20,"column":8},"end":{"line":20,"column":41}}},"fnMap":{"0":{"name":"(anonymous_0)","decl":{"start":{"line":18,"column":4},"end":{"line":18,"column":5}},"loc":{"start":{"line":18,"column":107},"end":{"line":21,"column":5}},"line":18}},"branchMap":{},"s":{"0":0,"1":0},"f":{"0":0},"b":{},"_coverageSchema":"1a1c01bbd47fc00a2c39e90264f33305004495a9","hash":"a4b46d351ac27d01189ec0190e95e4ed2c3ac72e"}
}
