TN:
SF:src/firebase/firebaseConfig.js
FNF:0
FNH:0
DA:2,1
LF:1
LH:1
BRF:0
BRH:0
end_of_record
TN:
SF:src/firebase/board/read-board.js
FN:4,(anonymous_0)
FN:17,readBoard
FN:20,(anonymous_2)
FN:30,(anonymous_3)
FNF:4
FNH:2
FNDA:0,(anonymous_0)
FNDA:1,readBoard
FNDA:1,(anonymous_2)
FNDA:0,(anonymous_3)
DA:5,0
DA:6,0
DA:18,1
DA:19,1
DA:21,1
DA:22,1
DA:23,1
DA:24,1
DA:26,0
DA:27,0
DA:31,0
DA:32,0
LF:12
LH:6
BRDA:21,0,0,1
BRDA:21,0,1,0
BRF:2
BRH:1
end_of_record
TN:
SF:src/firebase/questions/read-questions.js
FN:13,readAllCategories
FN:20,(anonymous_1)
FN:35,readQuestionsFromCategory
FN:40,(anonymous_3)
FN:51,readAllQuestions
FN:73,readQuestionsFromCategoryOnce
FN:78,(anonymous_6)
FNF:7
FNH:2
FNDA:0,readAllCategories
FNDA:0,(anonymous_1)
FNDA:0,readQuestionsFromCategory
FNDA:0,(anonymous_3)
FNDA:0,readAllQuestions
FNDA:4,readQuestionsFromCategoryOnce
FNDA:8,(anonymous_6)
DA:14,0
DA:15,0
DA:16,0
DA:17,0
DA:18,0
DA:19,0
DA:20,0
DA:21,0
DA:23,0
DA:25,0
DA:36,0
DA:37,0
DA:38,0
DA:39,0
DA:40,0
DA:41,0
DA:42,0
DA:43,0
DA:45,0
DA:47,0
DA:52,0
DA:53,0
DA:54,0
DA:55,0
DA:56,0
DA:57,0
DA:58,0
DA:59,0
DA:60,0
DA:63,0
DA:65,0
DA:74,4
DA:75,4
DA:76,4
DA:77,4
DA:78,4
DA:79,8
DA:81,4
DA:83,0
LF:39
LH:7
BRF:0
BRH:0
end_of_record
TN:
SF:src/gamelogic/audioQuestion.js
FN:18,(anonymous_0)
FNF:1
FNH:1
FNDA:1,(anonymous_0)
DA:19,1
DA:20,1
LF:2
LH:2
BRF:0
BRH:0
end_of_record
TN:
SF:src/gamelogic/board.js
FN:13,(anonymous_0)
FN:34,(anonymous_1)
FN:37,(anonymous_2)
FN:52,(anonymous_3)
FN:62,(anonymous_4)
FN:70,(anonymous_5)
FN:82,(anonymous_6)
FN:112,(anonymous_7)
FNF:8
FNH:5
FNDA:0,(anonymous_0)
FNDA:1,(anonymous_1)
FNDA:1,(anonymous_2)
FNDA:0,(anonymous_3)
FNDA:3,(anonymous_4)
FNDA:208,(anonymous_5)
FNDA:106,(anonymous_6)
FNDA:0,(anonymous_7)
DA:14,0
DA:15,0
DA:27,2
DA:35,1
DA:36,1
DA:39,1
DA:40,1
DA:41,81
DA:42,81
DA:43,81
DA:44,81
DA:46,81
DA:47,81
DA:50,1
DA:53,0
DA:54,0
DA:71,208
DA:72,0
DA:74,208
DA:83,106
DA:113,0
DA:114,0
DA:115,0
DA:117,0
LF:24
LH:15
BRDA:71,0,0,0
BRDA:71,0,1,208
BRF:2
BRH:1
end_of_record
TN:
SF:src/gamelogic/category.js
FN:20,(anonymous_0)
FN:36,(anonymous_1)
FN:38,(anonymous_2)
FN:53,(anonymous_3)
FN:65,(anonymous_4)
FN:148,(anonymous_5)
FN:157,(anonymous_6)
FN:162,(anonymous_7)
FNF:8
FNH:5
FNDA:0,(anonymous_0)
FNDA:4,(anonymous_1)
FNDA:4,(anonymous_2)
FNDA:0,(anonymous_3)
FNDA:8,(anonymous_4)
FNDA:9,(anonymous_5)
FNDA:5,(anonymous_6)
FNDA:0,(anonymous_7)
DA:21,0
DA:22,0
DA:37,4
DA:39,4
DA:41,4
DA:42,4
DA:43,8
DA:44,8
DA:49,4
DA:51,4
DA:54,0
DA:55,0
DA:67,8
DA:68,8
DA:72,8
DA:73,8
DA:74,8
DA:75,8
DA:76,8
DA:80,8
DA:82,0
DA:91,7
DA:100,0
DA:110,1
DA:120,0
DA:130,0
DA:140,0
DA:149,9
DA:150,9
DA:158,5
DA:159,5
DA:163,0
LF:32
LH:22
BRDA:80,0,0,0
BRDA:80,0,1,7
BRDA:80,0,2,0
BRDA:80,0,3,1
BRDA:80,0,4,0
BRDA:80,0,5,0
BRDA:80,0,6,0
BRF:7
BRH:2
end_of_record
TN:
SF:src/gamelogic/color.js
FNF:0
FNH:0
DA:1,2
LF:1
LH:1
BRF:0
BRH:0
end_of_record
TN:
SF:src/gamelogic/die.js
FN:3,(anonymous_0)
FN:7,(anonymous_1)
FNF:2
FNH:2
FNDA:4,(anonymous_0)
FNDA:201,(anonymous_1)
DA:9,201
LF:1
LH:1
BRDA:7,0,0,201
BRDA:7,1,0,201
BRF:2
BRH:2
end_of_record
TN:
SF:src/gamelogic/direction.js
FNF:0
FNH:0
DA:1,2
LF:1
LH:1
BRF:0
BRH:0
end_of_record
TN:
SF:src/gamelogic/gameSession.js
FN:15,(anonymous_0)
FN:22,(anonymous_1)
FN:42,(anonymous_2)
FN:55,(anonymous_3)
FN:56,(anonymous_4)
FN:61,(anonymous_5)
FN:63,(anonymous_6)
FN:66,(anonymous_7)
FN:81,(anonymous_8)
FN:109,(anonymous_9)
FN:162,(anonymous_10)
FN:182,(anonymous_11)
FN:218,(anonymous_12)
FN:236,(anonymous_13)
FN:272,(anonymous_14)
FN:285,(anonymous_15)
FN:306,(anonymous_16)
FN:310,(anonymous_17)
FN:312,(anonymous_18)
FN:328,(anonymous_19)
FN:352,(anonymous_20)
FN:365,(anonymous_21)
FN:374,(anonymous_22)
FN:383,(anonymous_23)
FN:393,(anonymous_24)
FN:398,(anonymous_25)
FN:411,(anonymous_26)
FN:447,(anonymous_27)
FN:459,(anonymous_28)
FN:469,(anonymous_29)
FN:478,(anonymous_30)
FN:484,(anonymous_31)
FN:511,(anonymous_32)
FNF:33
FNH:22
FNDA:0,(anonymous_0)
FNDA:0,(anonymous_1)
FNDA:1,(anonymous_2)
FNDA:4,(anonymous_3)
FNDA:4,(anonymous_4)
FNDA:1,(anonymous_5)
FNDA:1,(anonymous_6)
FNDA:0,(anonymous_7)
FNDA:101,(anonymous_8)
FNDA:1,(anonymous_9)
FNDA:0,(anonymous_10)
FNDA:0,(anonymous_11)
FNDA:1,(anonymous_12)
FNDA:2,(anonymous_13)
FNDA:0,(anonymous_14)
FNDA:2,(anonymous_15)
FNDA:0,(anonymous_16)
FNDA:0,(anonymous_17)
FNDA:0,(anonymous_18)
FNDA:3,(anonymous_19)
FNDA:1,(anonymous_20)
FNDA:1,(anonymous_21)
FNDA:1,(anonymous_22)
FNDA:21,(anonymous_23)
FNDA:105,(anonymous_24)
FNDA:9,(anonymous_25)
FNDA:1,(anonymous_26)
FNDA:1,(anonymous_27)
FNDA:1,(anonymous_28)
FNDA:0,(anonymous_29)
FNDA:1,(anonymous_30)
FNDA:0,(anonymous_31)
FNDA:11,(anonymous_32)
DA:16,0
DA:17,0
DA:23,0
DA:24,0
DA:44,1
DA:46,1
DA:47,1
DA:48,1
DA:49,4
DA:50,4
DA:55,1
DA:56,4
DA:59,1
DA:61,1
DA:64,1
DA:67,0
DA:68,0
DA:82,101
DA:85,101
DA:110,1
DA:111,1
DA:112,1
DA:113,1
DA:114,1
DA:115,1
DA:116,4
DA:117,4
DA:118,4
DA:119,4
DA:120,4
DA:121,4
DA:122,4
DA:124,1
DA:127,1
DA:129,1
DA:131,1
DA:132,1
DA:141,0
DA:144,0
DA:163,0
DA:164,0
DA:165,0
DA:166,0
DA:183,0
DA:184,0
DA:185,0
DA:186,0
DA:187,0
DA:188,0
DA:189,0
DA:190,0
DA:192,0
DA:193,0
DA:202,0
DA:204,0
DA:219,1
DA:220,1
DA:237,2
DA:238,2
DA:239,2
DA:240,1
DA:241,1
DA:242,1
DA:243,1
DA:245,1
DA:246,0
DA:255,1
DA:257,2
DA:273,0
DA:274,0
DA:275,0
DA:276,0
DA:286,2
DA:287,2
DA:288,8
DA:291,2
DA:292,2
DA:293,8
DA:294,8
DA:297,2
DA:307,0
DA:308,0
DA:309,0
DA:310,0
DA:311,0
DA:313,0
DA:329,3
DA:330,3
DA:331,3
DA:332,3
DA:333,3
DA:334,3
DA:335,3
DA:336,3
DA:341,3
DA:353,1
DA:354,0
DA:357,1
DA:358,0
DA:366,1
DA:367,1
DA:375,1
DA:376,1
DA:384,21
DA:394,105
DA:395,105
DA:396,105
DA:398,9
DA:400,105
DA:413,1
DA:414,1
DA:416,1
DA:417,0
DA:418,1
DA:420,0
DA:421,0
DA:422,0
DA:423,0
DA:425,1
DA:427,1
DA:428,1
DA:431,0
DA:432,0
DA:435,1
DA:448,1
DA:449,1
DA:450,1
DA:451,1
DA:452,1
DA:460,1
DA:461,1
DA:470,0
DA:479,1
DA:485,0
DA:486,0
DA:487,0
DA:490,0
DA:491,0
DA:492,0
DA:495,0
DA:496,0
DA:497,0
DA:500,0
DA:512,11
DA:513,11
DA:514,11
DA:515,11
DA:516,11
DA:517,11
DA:518,11
LF:150
LH:95
BRDA:123,0,0,4
BRDA:123,0,1,3
BRDA:127,1,0,1
BRDA:127,1,1,0
BRDA:186,2,0,0
BRDA:186,2,1,0
BRDA:187,3,0,0
BRDA:187,3,1,0
BRDA:192,4,0,0
BRDA:192,4,1,0
BRDA:192,5,0,0
BRDA:192,5,1,0
BRDA:239,6,0,1
BRDA:239,6,1,1
BRDA:240,7,0,1
BRDA:240,7,1,0
BRDA:245,8,0,0
BRDA:245,8,1,1
BRDA:245,9,0,1
BRDA:245,9,1,0
BRDA:353,10,0,0
BRDA:353,10,1,1
BRDA:353,11,0,1
BRDA:353,11,1,1
BRDA:357,12,0,0
BRDA:357,12,1,1
BRDA:396,13,0,4
BRDA:396,13,1,101
BRDA:416,14,0,0
BRDA:416,14,1,1
BRDA:418,15,0,0
BRDA:418,15,1,1
BRDA:425,16,0,1
BRDA:425,16,1,0
BRDA:496,17,0,0
BRDA:496,17,1,0
BRF:36
BRH:17
end_of_record
TN:
SF:src/gamelogic/imageQuestion.js
FN:18,(anonymous_0)
FNF:1
FNH:0
FNDA:0,(anonymous_0)
DA:19,0
DA:20,0
LF:2
LH:0
BRF:0
BRH:0
end_of_record
TN:
SF:src/gamelogic/multipleChoiceTextQuestion.js
FN:18,(anonymous_0)
FNF:1
FNH:0
FNDA:0,(anonymous_0)
DA:19,0
DA:20,0
LF:2
LH:0
BRF:0
BRH:0
end_of_record
TN:
SF:src/gamelogic/openEndedTextQuestion.js
FN:17,(anonymous_0)
FNF:1
FNH:1
FNDA:12,(anonymous_0)
DA:18,12
LF:1
LH:1
BRF:0
BRH:0
end_of_record
TN:
SF:src/gamelogic/player.js
FN:13,(anonymous_0)
FN:38,(anonymous_1)
FN:57,(anonymous_2)
FN:63,(anonymous_3)
FN:72,(anonymous_4)
FN:101,(anonymous_5)
FN:111,(anonymous_6)
FNF:7
FNH:4
FNDA:0,(anonymous_0)
FNDA:9,(anonymous_1)
FNDA:12,(anonymous_2)
FNDA:1,(anonymous_3)
FNDA:4,(anonymous_4)
FNDA:0,(anonymous_5)
FNDA:0,(anonymous_6)
DA:14,0
DA:15,0
DA:27,2
DA:39,9
DA:40,9
DA:41,9
DA:42,9
DA:43,9
DA:44,9
DA:49,9
DA:54,9
DA:57,12
DA:64,1
DA:73,4
DA:74,4
DA:76,4
DA:77,4
DA:78,4
DA:80,0
DA:81,0
DA:82,0
DA:84,0
DA:85,0
DA:86,0
DA:88,0
DA:89,0
DA:90,0
DA:92,0
DA:102,0
DA:103,0
DA:104,0
DA:105,0
DA:108,0
DA:112,0
LF:34
LH:16
BRDA:38,0,0,9
BRDA:38,1,0,9
BRDA:38,2,0,9
BRDA:38,3,0,9
BRDA:74,4,0,4
BRDA:74,4,1,0
BRDA:74,4,2,0
BRDA:74,4,3,0
BRDA:74,4,4,0
BRDA:101,5,0,0
BRDA:104,6,0,0
BRDA:104,6,1,0
BRF:12
BRH:5
end_of_record
TN:
SF:src/gamelogic/question.js
FN:18,(anonymous_0)
FN:35,(anonymous_1)
FN:39,(anonymous_2)
FNF:3
FNH:3
FNDA:13,(anonymous_0)
FNDA:9,(anonymous_1)
FNDA:17,(anonymous_2)
DA:19,13
DA:20,0
DA:22,13
DA:23,13
DA:24,13
DA:25,13
DA:26,13
DA:27,13
DA:28,13
DA:36,9
DA:40,17
LF:11
LH:10
BRDA:19,0,0,0
BRDA:19,0,1,13
BRF:2
BRH:1
end_of_record
TN:
SF:src/gamelogic/questionStats.js
FN:10,(anonymous_0)
FN:19,(anonymous_1)
FN:30,(anonymous_2)
FN:37,(anonymous_3)
FNF:4
FNH:1
FNDA:8,(anonymous_0)
FNDA:0,(anonymous_1)
FNDA:0,(anonymous_2)
FNDA:0,(anonymous_3)
DA:11,8
DA:12,8
DA:20,0
DA:21,0
DA:22,0
DA:31,0
DA:32,0
DA:34,0
DA:38,0
LF:9
LH:2
BRDA:10,0,0,8
BRDA:10,1,0,0
BRDA:21,2,0,0
BRDA:21,2,1,0
BRDA:31,3,0,0
BRDA:31,3,1,0
BRF:6
BRH:1
end_of_record
TN:
SF:src/gamelogic/questionType.js
FNF:0
FNH:0
DA:1,2
LF:1
LH:1
BRF:0
BRH:0
end_of_record
TN:
SF:src/gamelogic/square.js
FN:18,(anonymous_0)
FN:25,(anonymous_1)
FN:26,(anonymous_2)
FN:27,(anonymous_3)
FN:28,(anonymous_4)
FN:29,(anonymous_5)
FN:30,(anonymous_6)
FN:31,(anonymous_7)
FN:32,(anonymous_8)
FN:34,(anonymous_9)
FNF:10
FNH:10
FNDA:81,(anonymous_0)
FNDA:81,(anonymous_1)
FNDA:106,(anonymous_2)
FNDA:256,(anonymous_3)
FNDA:254,(anonymous_4)
FNDA:83,(anonymous_5)
FNDA:83,(anonymous_6)
FNDA:82,(anonymous_7)
FNDA:84,(anonymous_8)
FNDA:92,(anonymous_9)
DA:19,81
DA:20,81
DA:21,81
DA:22,81
DA:25,81
DA:26,106
DA:27,256
DA:28,254
DA:29,83
DA:30,83
DA:31,82
DA:32,84
DA:35,92
LF:13
LH:13
BRDA:18,0,0,36
BRDA:18,1,0,36
BRDA:18,2,0,72
BRF:3
BRH:3
end_of_record
TN:
SF:src/gamelogic/squareType.js
FNF:0
FNH:0
DA:3,2
LF:1
LH:1
BRF:0
BRH:0
end_of_record
TN:
SF:src/gamelogic/videoQuestion.js
FN:18,(anonymous_0)
FNF:1
FNH:0
FNDA:0,(anonymous_0)
DA:19,0
DA:20,0
LF:2
LH:0
BRF:0
BRH:0
end_of_record
